{"C:\\Users\\iuygf\\Desktop\\Rowqan_BackEnd\\server.js": {"path":"C:\\Users\\iuygf\\Desktop\\Rowqan_BackEnd\\server.js","statementMap":{"0":{"start":{"line":1,"column":16},"end":{"line":1,"column":34}},"1":{"start":{"line":2,"column":18},"end":{"line":2,"column":47}},"2":{"start":{"line":3,"column":24},"end":{"line":3,"column":61}},"3":{"start":{"line":4,"column":15},"end":{"line":4,"column":32}},"4":{"start":{"line":7,"column":13},"end":{"line":7,"column":28}},"5":{"start":{"line":8,"column":21},"end":{"line":8,"column":45}},"6":{"start":{"line":9,"column":0},"end":{"line":9,"column":27}},"7":{"start":{"line":10,"column":12},"end":{"line":10,"column":21}},"8":{"start":{"line":11,"column":20},"end":{"line":11,"column":51}},"9":{"start":{"line":12,"column":19},"end":{"line":12,"column":49}},"10":{"start":{"line":13,"column":21},"end":{"line":13,"column":53}},"11":{"start":{"line":14,"column":21},"end":{"line":14,"column":51}},"12":{"start":{"line":15,"column":23},"end":{"line":15,"column":57}},"13":{"start":{"line":16,"column":21},"end":{"line":16,"column":53}},"14":{"start":{"line":17,"column":25},"end":{"line":17,"column":62}},"15":{"start":{"line":18,"column":26},"end":{"line":18,"column":63}},"16":{"start":{"line":19,"column":22},"end":{"line":19,"column":55}},"17":{"start":{"line":20,"column":27},"end":{"line":20,"column":66}},"18":{"start":{"line":21,"column":27},"end":{"line":21,"column":66}},"19":{"start":{"line":22,"column":34},"end":{"line":22,"column":79}},"20":{"start":{"line":23,"column":30},"end":{"line":23,"column":72}},"21":{"start":{"line":24,"column":24},"end":{"line":24,"column":59}},"22":{"start":{"line":25,"column":24},"end":{"line":25,"column":59}},"23":{"start":{"line":26,"column":21},"end":{"line":26,"column":53}},"24":{"start":{"line":27,"column":29},"end":{"line":27,"column":69}},"25":{"start":{"line":28,"column":25},"end":{"line":28,"column":61}},"26":{"start":{"line":29,"column":26},"end":{"line":29,"column":63}},"27":{"start":{"line":30,"column":24},"end":{"line":30,"column":59}},"28":{"start":{"line":31,"column":30},"end":{"line":31,"column":71}},"29":{"start":{"line":32,"column":24},"end":{"line":32,"column":65}},"30":{"start":{"line":33,"column":20},"end":{"line":33,"column":51}},"31":{"start":{"line":34,"column":31},"end":{"line":34,"column":75}},"32":{"start":{"line":35,"column":28},"end":{"line":35,"column":69}},"33":{"start":{"line":36,"column":27},"end":{"line":36,"column":68}},"34":{"start":{"line":37,"column":26},"end":{"line":37,"column":68}},"35":{"start":{"line":38,"column":25},"end":{"line":38,"column":61}},"36":{"start":{"line":39,"column":32},"end":{"line":39,"column":75}},"37":{"start":{"line":40,"column":27},"end":{"line":40,"column":65}},"38":{"start":{"line":41,"column":25},"end":{"line":41,"column":61}},"39":{"start":{"line":42,"column":34},"end":{"line":42,"column":79}},"40":{"start":{"line":43,"column":21},"end":{"line":43,"column":53}},"41":{"start":{"line":44,"column":27},"end":{"line":44,"column":65}},"42":{"start":{"line":48,"column":0},"end":{"line":48,"column":16}},"43":{"start":{"line":49,"column":0},"end":{"line":49,"column":24}},"44":{"start":{"line":50,"column":0},"end":{"line":50,"column":29}},"45":{"start":{"line":51,"column":0},"end":{"line":51,"column":28}},"46":{"start":{"line":52,"column":0},"end":{"line":52,"column":31}},"47":{"start":{"line":53,"column":0},"end":{"line":53,"column":31}},"48":{"start":{"line":54,"column":0},"end":{"line":54,"column":35}},"49":{"start":{"line":55,"column":0},"end":{"line":55,"column":31}},"50":{"start":{"line":56,"column":0},"end":{"line":56,"column":40}},"51":{"start":{"line":57,"column":0},"end":{"line":57,"column":41}},"52":{"start":{"line":58,"column":0},"end":{"line":58,"column":33}},"53":{"start":{"line":59,"column":0},"end":{"line":59,"column":44}},"54":{"start":{"line":60,"column":0},"end":{"line":60,"column":44}},"55":{"start":{"line":61,"column":0},"end":{"line":61,"column":57}},"56":{"start":{"line":62,"column":0},"end":{"line":62,"column":50}},"57":{"start":{"line":63,"column":0},"end":{"line":63,"column":37}},"58":{"start":{"line":64,"column":0},"end":{"line":64,"column":38}},"59":{"start":{"line":65,"column":0},"end":{"line":65,"column":31}},"60":{"start":{"line":66,"column":0},"end":{"line":66,"column":47}},"61":{"start":{"line":67,"column":0},"end":{"line":67,"column":39}},"62":{"start":{"line":68,"column":0},"end":{"line":68,"column":36}},"63":{"start":{"line":69,"column":0},"end":{"line":69,"column":37}},"64":{"start":{"line":70,"column":0},"end":{"line":70,"column":48}},"65":{"start":{"line":71,"column":0},"end":{"line":71,"column":43}},"66":{"start":{"line":72,"column":0},"end":{"line":72,"column":29}},"67":{"start":{"line":73,"column":0},"end":{"line":73,"column":53}},"68":{"start":{"line":74,"column":0},"end":{"line":74,"column":47}},"69":{"start":{"line":75,"column":0},"end":{"line":75,"column":44}},"70":{"start":{"line":76,"column":0},"end":{"line":76,"column":41}},"71":{"start":{"line":77,"column":0},"end":{"line":77,"column":39}},"72":{"start":{"line":78,"column":0},"end":{"line":78,"column":52}},"73":{"start":{"line":79,"column":0},"end":{"line":79,"column":43}},"74":{"start":{"line":80,"column":0},"end":{"line":80,"column":39}},"75":{"start":{"line":81,"column":0},"end":{"line":81,"column":57}},"76":{"start":{"line":82,"column":0},"end":{"line":82,"column":31}},"77":{"start":{"line":83,"column":0},"end":{"line":83,"column":43}},"78":{"start":{"line":90,"column":0},"end":{"line":92,"column":5}},"79":{"start":{"line":91,"column":4},"end":{"line":91,"column":50}},"80":{"start":{"line":94,"column":2},"end":{"line":96,"column":5}},"81":{"start":{"line":95,"column":4},"end":{"line":95,"column":36}},"82":{"start":{"line":97,"column":2},"end":{"line":99,"column":5}},"83":{"start":{"line":98,"column":4},"end":{"line":98,"column":73}}},"fnMap":{"0":{"name":"(anonymous_0)","decl":{"start":{"line":90,"column":38},"end":{"line":90,"column":39}},"loc":{"start":{"line":90,"column":44},"end":{"line":92,"column":3}},"line":90},"1":{"name":"(anonymous_1)","decl":{"start":{"line":94,"column":15},"end":{"line":94,"column":16}},"loc":{"start":{"line":94,"column":29},"end":{"line":96,"column":3}},"line":94},"2":{"name":"(anonymous_2)","decl":{"start":{"line":97,"column":39},"end":{"line":97,"column":40}},"loc":{"start":{"line":97,"column":45},"end":{"line":99,"column":3}},"line":97}},"branchMap":{"0":{"loc":{"start":{"line":97,"column":13},"end":{"line":97,"column":37}},"type":"binary-expr","locations":[{"start":{"line":97,"column":13},"end":{"line":97,"column":29}},{"start":{"line":97,"column":33},"end":{"line":97,"column":37}}],"line":97},"1":{"loc":{"start":{"line":98,"column":45},"end":{"line":98,"column":69}},"type":"binary-expr","locations":[{"start":{"line":98,"column":45},"end":{"line":98,"column":61}},{"start":{"line":98,"column":65},"end":{"line":98,"column":69}}],"line":98}},"s":{"0":1,"1":1,"2":1,"3":1,"4":1,"5":1,"6":1,"7":1,"8":1,"9":1,"10":1,"11":1,"12":1,"13":1,"14":1,"15":1,"16":1,"17":1,"18":1,"19":1,"20":1,"21":1,"22":1,"23":1,"24":1,"25":1,"26":1,"27":1,"28":1,"29":1,"30":1,"31":1,"32":1,"33":1,"34":1,"35":1,"36":1,"37":1,"38":1,"39":1,"40":1,"41":1,"42":1,"43":1,"44":1,"45":1,"46":1,"47":1,"48":1,"49":1,"50":1,"51":1,"52":1,"53":1,"54":1,"55":1,"56":1,"57":1,"58":1,"59":1,"60":1,"61":1,"62":1,"63":1,"64":1,"65":1,"66":1,"67":1,"68":1,"69":1,"70":1,"71":1,"72":1,"73":1,"74":1,"75":1,"76":1,"77":1,"78":1,"79":0,"80":1,"81":0,"82":1,"83":0},"f":{"0":0,"1":0,"2":0},"b":{"0":[1,1],"1":[0,0]},"_coverageSchema":"1a1c01bbd47fc00a2c39e90264f33305004495a9","hash":"79f5a11f1ef12e838ebfb9028de6588ca64a5dbb"}
,"C:\\Users\\iuygf\\Desktop\\Rowqan_BackEnd\\Config\\Multer.js": {"path":"C:\\Users\\iuygf\\Desktop\\Rowqan_BackEnd\\Config\\Multer.js","statementMap":{"0":{"start":{"line":1,"column":30},"end":{"line":1,"column":66}},"1":{"start":{"line":2,"column":15},"end":{"line":2,"column":32}},"2":{"start":{"line":3,"column":19},"end":{"line":3,"column":56}},"3":{"start":{"line":5,"column":16},"end":{"line":11,"column":2}},"4":{"start":{"line":13,"column":15},"end":{"line":13,"column":34}},"5":{"start":{"line":15,"column":0},"end":{"line":15,"column":24}}},"fnMap":{},"branchMap":{},"s":{"0":1,"1":1,"2":1,"3":1,"4":1,"5":1},"f":{},"b":{},"_coverageSchema":"1a1c01bbd47fc00a2c39e90264f33305004495a9","hash":"f04eaa9136a5469b86e9849e4baa4ccf330bf7f8"}
,"C:\\Users\\iuygf\\Desktop\\Rowqan_BackEnd\\Config\\cloudinaryConfig.js": {"path":"C:\\Users\\iuygf\\Desktop\\Rowqan_BackEnd\\Config\\cloudinaryConfig.js","statementMap":{"0":{"start":{"line":1,"column":19},"end":{"line":1,"column":43}},"1":{"start":{"line":3,"column":0},"end":{"line":7,"column":3}},"2":{"start":{"line":9,"column":0},"end":{"line":9,"column":28}}},"fnMap":{},"branchMap":{},"s":{"0":1,"1":1,"2":1},"f":{},"b":{},"_coverageSchema":"1a1c01bbd47fc00a2c39e90264f33305004495a9","hash":"f4c5aa37f65aa15f1e60c751f76e61b096c8dba6"}
,"C:\\Users\\iuygf\\Desktop\\Rowqan_BackEnd\\Config\\dbConnect.js": {"path":"C:\\Users\\iuygf\\Desktop\\Rowqan_BackEnd\\Config\\dbConnect.js","statementMap":{"0":{"start":{"line":1,"column":22},"end":{"line":1,"column":42}},"1":{"start":{"line":2,"column":0},"end":{"line":2,"column":27}},"2":{"start":{"line":5,"column":18},"end":{"line":14,"column":1}},"3":{"start":{"line":17,"column":23},"end":{"line":24,"column":1}},"4":{"start":{"line":18,"column":2},"end":{"line":23,"column":3}},"5":{"start":{"line":19,"column":4},"end":{"line":19,"column":35}},"6":{"start":{"line":20,"column":4},"end":{"line":20,"column":65}},"7":{"start":{"line":22,"column":4},"end":{"line":22,"column":71}},"8":{"start":{"line":26,"column":0},"end":{"line":26,"column":17}},"9":{"start":{"line":28,"column":0},"end":{"line":28,"column":27}}},"fnMap":{"0":{"name":"(anonymous_0)","decl":{"start":{"line":17,"column":23},"end":{"line":17,"column":24}},"loc":{"start":{"line":17,"column":35},"end":{"line":24,"column":1}},"line":17}},"branchMap":{},"s":{"0":1,"1":1,"2":1,"3":1,"4":1,"5":1,"6":1,"7":0,"8":1,"9":1},"f":{"0":1},"b":{},"_coverageSchema":"1a1c01bbd47fc00a2c39e90264f33305004495a9","hash":"d990f0d7663f9b43f27d32f9358f8096d0fb04ae"}
,"C:\\Users\\iuygf\\Desktop\\Rowqan_BackEnd\\Controllers\\AvailableEvenetsController.js": {"path":"C:\\Users\\iuygf\\Desktop\\Rowqan_BackEnd\\Controllers\\AvailableEvenetsController.js","statementMap":{"0":{"start":{"line":1,"column":25},"end":{"line":1,"column":61}},"1":{"start":{"line":2,"column":19},"end":{"line":2,"column":54}},"2":{"start":{"line":3,"column":15},"end":{"line":3,"column":42}},"3":{"start":{"line":4,"column":41},"end":{"line":4,"column":74}},"4":{"start":{"line":6,"column":0},"end":{"line":43,"column":2}},"5":{"start":{"line":7,"column":2},"end":{"line":42,"column":3}},"6":{"start":{"line":8,"column":107},"end":{"line":8,"column":115}},"7":{"start":{"line":9,"column":18},"end":{"line":9,"column":53}},"8":{"start":{"line":11,"column":29},"end":{"line":11,"column":138}},"9":{"start":{"line":12,"column":4},"end":{"line":14,"column":5}},"10":{"start":{"line":13,"column":6},"end":{"line":13,"column":92}},"11":{"start":{"line":16,"column":21},"end":{"line":16,"column":60}},"12":{"start":{"line":17,"column":4},"end":{"line":19,"column":5}},"13":{"start":{"line":18,"column":6},"end":{"line":18,"column":128}},"14":{"start":{"line":21,"column":21},"end":{"line":33,"column":6}},"15":{"start":{"line":35,"column":4},"end":{"line":38,"column":7}},"16":{"start":{"line":40,"column":4},"end":{"line":40,"column":25}},"17":{"start":{"line":41,"column":4},"end":{"line":41,"column":128}},"18":{"start":{"line":45,"column":0},"end":{"line":60,"column":2}},"19":{"start":{"line":46,"column":2},"end":{"line":59,"column":3}},"20":{"start":{"line":47,"column":25},"end":{"line":47,"column":35}},"21":{"start":{"line":49,"column":28},"end":{"line":49,"column":83}},"22":{"start":{"line":51,"column":4},"end":{"line":53,"column":5}},"23":{"start":{"line":52,"column":6},"end":{"line":52,"column":163}},"24":{"start":{"line":55,"column":4},"end":{"line":55,"column":44}},"25":{"start":{"line":57,"column":4},"end":{"line":57,"column":25}},"26":{"start":{"line":58,"column":4},"end":{"line":58,"column":129}},"27":{"start":{"line":62,"column":0},"end":{"line":85,"column":2}},"28":{"start":{"line":63,"column":2},"end":{"line":84,"column":3}},"29":{"start":{"line":64,"column":35},"end":{"line":64,"column":45}},"30":{"start":{"line":66,"column":21},"end":{"line":66,"column":84}},"31":{"start":{"line":67,"column":4},"end":{"line":69,"column":5}},"32":{"start":{"line":68,"column":6},"end":{"line":68,"column":128}},"33":{"start":{"line":71,"column":28},"end":{"line":74,"column":6}},"34":{"start":{"line":76,"column":4},"end":{"line":78,"column":5}},"35":{"start":{"line":77,"column":6},"end":{"line":77,"column":147}},"36":{"start":{"line":80,"column":4},"end":{"line":80,"column":42}},"37":{"start":{"line":82,"column":4},"end":{"line":82,"column":25}},"38":{"start":{"line":83,"column":4},"end":{"line":83,"column":130}},"39":{"start":{"line":87,"column":0},"end":{"line":125,"column":2}},"40":{"start":{"line":88,"column":2},"end":{"line":124,"column":3}},"41":{"start":{"line":89,"column":19},"end":{"line":89,"column":29}},"42":{"start":{"line":90,"column":107},"end":{"line":90,"column":115}},"43":{"start":{"line":91,"column":18},"end":{"line":91,"column":53}},"44":{"start":{"line":93,"column":29},"end":{"line":93,"column":138}},"45":{"start":{"line":94,"column":4},"end":{"line":96,"column":5}},"46":{"start":{"line":95,"column":6},"end":{"line":95,"column":92}},"47":{"start":{"line":98,"column":18},"end":{"line":98,"column":53}},"48":{"start":{"line":99,"column":4},"end":{"line":101,"column":5}},"49":{"start":{"line":100,"column":6},"end":{"line":100,"column":120}},"50":{"start":{"line":103,"column":4},"end":{"line":103,"column":39}},"51":{"start":{"line":104,"column":4},"end":{"line":104,"column":51}},"52":{"start":{"line":105,"column":4},"end":{"line":105,"column":39}},"53":{"start":{"line":106,"column":4},"end":{"line":106,"column":42}},"54":{"start":{"line":107,"column":4},"end":{"line":107,"column":48}},"55":{"start":{"line":108,"column":4},"end":{"line":108,"column":48}},"56":{"start":{"line":109,"column":4},"end":{"line":109,"column":36}},"57":{"start":{"line":110,"column":4},"end":{"line":110,"column":57}},"58":{"start":{"line":111,"column":4},"end":{"line":111,"column":36}},"59":{"start":{"line":112,"column":4},"end":{"line":112,"column":60}},"60":{"start":{"line":113,"column":4},"end":{"line":113,"column":39}},"61":{"start":{"line":115,"column":4},"end":{"line":115,"column":23}},"62":{"start":{"line":117,"column":4},"end":{"line":120,"column":7}},"63":{"start":{"line":122,"column":4},"end":{"line":122,"column":25}},"64":{"start":{"line":123,"column":4},"end":{"line":123,"column":128}},"65":{"start":{"line":127,"column":0},"end":{"line":158,"column":2}},"66":{"start":{"line":128,"column":2},"end":{"line":157,"column":3}},"67":{"start":{"line":129,"column":41},"end":{"line":129,"column":51}},"68":{"start":{"line":131,"column":21},"end":{"line":131,"column":90}},"69":{"start":{"line":132,"column":4},"end":{"line":134,"column":5}},"70":{"start":{"line":133,"column":6},"end":{"line":133,"column":137}},"71":{"start":{"line":136,"column":28},"end":{"line":144,"column":6}},"72":{"start":{"line":146,"column":4},"end":{"line":148,"column":5}},"73":{"start":{"line":147,"column":6},"end":{"line":147,"column":147}},"74":{"start":{"line":150,"column":4},"end":{"line":153,"column":7}},"75":{"start":{"line":155,"column":4},"end":{"line":155,"column":25}},"76":{"start":{"line":156,"column":4},"end":{"line":156,"column":130}},"77":{"start":{"line":160,"column":0},"end":{"line":191,"column":2}},"78":{"start":{"line":161,"column":2},"end":{"line":190,"column":3}},"79":{"start":{"line":162,"column":27},"end":{"line":162,"column":37}},"80":{"start":{"line":164,"column":21},"end":{"line":164,"column":72}},"81":{"start":{"line":165,"column":4},"end":{"line":167,"column":5}},"82":{"start":{"line":166,"column":6},"end":{"line":166,"column":129}},"83":{"start":{"line":169,"column":28},"end":{"line":177,"column":6}},"84":{"start":{"line":179,"column":4},"end":{"line":181,"column":5}},"85":{"start":{"line":180,"column":6},"end":{"line":180,"column":147}},"86":{"start":{"line":183,"column":4},"end":{"line":186,"column":7}},"87":{"start":{"line":188,"column":4},"end":{"line":188,"column":25}},"88":{"start":{"line":189,"column":4},"end":{"line":189,"column":130}},"89":{"start":{"line":193,"column":0},"end":{"line":208,"column":2}},"90":{"start":{"line":194,"column":2},"end":{"line":207,"column":3}},"91":{"start":{"line":195,"column":25},"end":{"line":195,"column":35}},"92":{"start":{"line":197,"column":18},"end":{"line":197,"column":73}},"93":{"start":{"line":198,"column":4},"end":{"line":200,"column":5}},"94":{"start":{"line":199,"column":6},"end":{"line":199,"column":133}},"95":{"start":{"line":202,"column":4},"end":{"line":202,"column":26}},"96":{"start":{"line":203,"column":4},"end":{"line":203,"column":78}},"97":{"start":{"line":205,"column":4},"end":{"line":205,"column":25}},"98":{"start":{"line":206,"column":4},"end":{"line":206,"column":128}}},"fnMap":{"0":{"name":"(anonymous_0)","decl":{"start":{"line":6,"column":31},"end":{"line":6,"column":32}},"loc":{"start":{"line":6,"column":51},"end":{"line":43,"column":1}},"line":6},"1":{"name":"(anonymous_1)","decl":{"start":{"line":45,"column":33},"end":{"line":45,"column":34}},"loc":{"start":{"line":45,"column":53},"end":{"line":60,"column":1}},"line":45},"2":{"name":"(anonymous_2)","decl":{"start":{"line":62,"column":41},"end":{"line":62,"column":42}},"loc":{"start":{"line":62,"column":61},"end":{"line":85,"column":1}},"line":62},"3":{"name":"(anonymous_3)","decl":{"start":{"line":87,"column":31},"end":{"line":87,"column":32}},"loc":{"start":{"line":87,"column":51},"end":{"line":125,"column":1}},"line":87},"4":{"name":"(anonymous_4)","decl":{"start":{"line":127,"column":48},"end":{"line":127,"column":49}},"loc":{"start":{"line":127,"column":68},"end":{"line":158,"column":1}},"line":127},"5":{"name":"(anonymous_5)","decl":{"start":{"line":160,"column":42},"end":{"line":160,"column":43}},"loc":{"start":{"line":160,"column":62},"end":{"line":191,"column":1}},"line":160},"6":{"name":"(anonymous_6)","decl":{"start":{"line":193,"column":31},"end":{"line":193,"column":32}},"loc":{"start":{"line":193,"column":51},"end":{"line":208,"column":1}},"line":193}},"branchMap":{"0":{"loc":{"start":{"line":9,"column":18},"end":{"line":9,"column":53}},"type":"cond-expr","locations":[{"start":{"line":9,"column":29},"end":{"line":9,"column":46}},{"start":{"line":9,"column":49},"end":{"line":9,"column":53}}],"line":9},"1":{"loc":{"start":{"line":12,"column":4},"end":{"line":14,"column":5}},"type":"if","locations":[{"start":{"line":12,"column":4},"end":{"line":14,"column":5}},{"start":{},"end":{}}],"line":12},"2":{"loc":{"start":{"line":17,"column":4},"end":{"line":19,"column":5}},"type":"if","locations":[{"start":{"line":17,"column":4},"end":{"line":19,"column":5}},{"start":{},"end":{}}],"line":17},"3":{"loc":{"start":{"line":51,"column":4},"end":{"line":53,"column":5}},"type":"if","locations":[{"start":{"line":51,"column":4},"end":{"line":53,"column":5}},{"start":{},"end":{}}],"line":51},"4":{"loc":{"start":{"line":67,"column":4},"end":{"line":69,"column":5}},"type":"if","locations":[{"start":{"line":67,"column":4},"end":{"line":69,"column":5}},{"start":{},"end":{}}],"line":67},"5":{"loc":{"start":{"line":76,"column":4},"end":{"line":78,"column":5}},"type":"if","locations":[{"start":{"line":76,"column":4},"end":{"line":78,"column":5}},{"start":{},"end":{}}],"line":76},"6":{"loc":{"start":{"line":91,"column":18},"end":{"line":91,"column":53}},"type":"cond-expr","locations":[{"start":{"line":91,"column":29},"end":{"line":91,"column":46}},{"start":{"line":91,"column":49},"end":{"line":91,"column":53}}],"line":91},"7":{"loc":{"start":{"line":94,"column":4},"end":{"line":96,"column":5}},"type":"if","locations":[{"start":{"line":94,"column":4},"end":{"line":96,"column":5}},{"start":{},"end":{}}],"line":94},"8":{"loc":{"start":{"line":99,"column":4},"end":{"line":101,"column":5}},"type":"if","locations":[{"start":{"line":99,"column":4},"end":{"line":101,"column":5}},{"start":{},"end":{}}],"line":99},"9":{"loc":{"start":{"line":103,"column":18},"end":{"line":103,"column":38}},"type":"binary-expr","locations":[{"start":{"line":103,"column":18},"end":{"line":103,"column":23}},{"start":{"line":103,"column":27},"end":{"line":103,"column":38}}],"line":103},"10":{"loc":{"start":{"line":104,"column":22},"end":{"line":104,"column":50}},"type":"binary-expr","locations":[{"start":{"line":104,"column":22},"end":{"line":104,"column":31}},{"start":{"line":104,"column":35},"end":{"line":104,"column":50}}],"line":104},"11":{"loc":{"start":{"line":105,"column":18},"end":{"line":105,"column":38}},"type":"binary-expr","locations":[{"start":{"line":105,"column":18},"end":{"line":105,"column":23}},{"start":{"line":105,"column":27},"end":{"line":105,"column":38}}],"line":105},"12":{"loc":{"start":{"line":106,"column":19},"end":{"line":106,"column":41}},"type":"binary-expr","locations":[{"start":{"line":106,"column":19},"end":{"line":106,"column":25}},{"start":{"line":106,"column":29},"end":{"line":106,"column":41}}],"line":106},"13":{"loc":{"start":{"line":107,"column":21},"end":{"line":107,"column":47}},"type":"binary-expr","locations":[{"start":{"line":107,"column":21},"end":{"line":107,"column":29}},{"start":{"line":107,"column":33},"end":{"line":107,"column":47}}],"line":107},"14":{"loc":{"start":{"line":108,"column":21},"end":{"line":108,"column":47}},"type":"binary-expr","locations":[{"start":{"line":108,"column":21},"end":{"line":108,"column":29}},{"start":{"line":108,"column":33},"end":{"line":108,"column":47}}],"line":108},"15":{"loc":{"start":{"line":109,"column":17},"end":{"line":109,"column":35}},"type":"binary-expr","locations":[{"start":{"line":109,"column":17},"end":{"line":109,"column":21}},{"start":{"line":109,"column":25},"end":{"line":109,"column":35}}],"line":109},"16":{"loc":{"start":{"line":110,"column":24},"end":{"line":110,"column":56}},"type":"binary-expr","locations":[{"start":{"line":110,"column":24},"end":{"line":110,"column":35}},{"start":{"line":110,"column":39},"end":{"line":110,"column":56}}],"line":110},"17":{"loc":{"start":{"line":111,"column":17},"end":{"line":111,"column":35}},"type":"binary-expr","locations":[{"start":{"line":111,"column":17},"end":{"line":111,"column":21}},{"start":{"line":111,"column":25},"end":{"line":111,"column":35}}],"line":111},"18":{"loc":{"start":{"line":112,"column":25},"end":{"line":112,"column":59}},"type":"binary-expr","locations":[{"start":{"line":112,"column":25},"end":{"line":112,"column":37}},{"start":{"line":112,"column":41},"end":{"line":112,"column":59}}],"line":112},"19":{"loc":{"start":{"line":113,"column":18},"end":{"line":113,"column":38}},"type":"binary-expr","locations":[{"start":{"line":113,"column":18},"end":{"line":113,"column":23}},{"start":{"line":113,"column":27},"end":{"line":113,"column":38}}],"line":113},"20":{"loc":{"start":{"line":132,"column":4},"end":{"line":134,"column":5}},"type":"if","locations":[{"start":{"line":132,"column":4},"end":{"line":134,"column":5}},{"start":{},"end":{}}],"line":132},"21":{"loc":{"start":{"line":146,"column":4},"end":{"line":148,"column":5}},"type":"if","locations":[{"start":{"line":146,"column":4},"end":{"line":148,"column":5}},{"start":{},"end":{}}],"line":146},"22":{"loc":{"start":{"line":165,"column":4},"end":{"line":167,"column":5}},"type":"if","locations":[{"start":{"line":165,"column":4},"end":{"line":167,"column":5}},{"start":{},"end":{}}],"line":165},"23":{"loc":{"start":{"line":179,"column":4},"end":{"line":181,"column":5}},"type":"if","locations":[{"start":{"line":179,"column":4},"end":{"line":181,"column":5}},{"start":{},"end":{}}],"line":179},"24":{"loc":{"start":{"line":198,"column":4},"end":{"line":200,"column":5}},"type":"if","locations":[{"start":{"line":198,"column":4},"end":{"line":200,"column":5}},{"start":{},"end":{}}],"line":198}},"s":{"0":1,"1":1,"2":1,"3":1,"4":1,"5":0,"6":0,"7":0,"8":0,"9":0,"10":0,"11":0,"12":0,"13":0,"14":0,"15":0,"16":0,"17":0,"18":1,"19":0,"20":0,"21":0,"22":0,"23":0,"24":0,"25":0,"26":0,"27":1,"28":0,"29":0,"30":0,"31":0,"32":0,"33":0,"34":0,"35":0,"36":0,"37":0,"38":0,"39":1,"40":0,"41":0,"42":0,"43":0,"44":0,"45":0,"46":0,"47":0,"48":0,"49":0,"50":0,"51":0,"52":0,"53":0,"54":0,"55":0,"56":0,"57":0,"58":0,"59":0,"60":0,"61":0,"62":0,"63":0,"64":0,"65":1,"66":0,"67":0,"68":0,"69":0,"70":0,"71":0,"72":0,"73":0,"74":0,"75":0,"76":0,"77":1,"78":0,"79":0,"80":0,"81":0,"82":0,"83":0,"84":0,"85":0,"86":0,"87":0,"88":0,"89":1,"90":0,"91":0,"92":0,"93":0,"94":0,"95":0,"96":0,"97":0,"98":0},"f":{"0":0,"1":0,"2":0,"3":0,"4":0,"5":0,"6":0},"b":{"0":[0,0],"1":[0,0],"2":[0,0],"3":[0,0],"4":[0,0],"5":[0,0],"6":[0,0],"7":[0,0],"8":[0,0],"9":[0,0],"10":[0,0],"11":[0,0],"12":[0,0],"13":[0,0],"14":[0,0],"15":[0,0],"16":[0,0],"17":[0,0],"18":[0,0],"19":[0,0],"20":[0,0],"21":[0,0],"22":[0,0],"23":[0,0],"24":[0,0]},"_coverageSchema":"1a1c01bbd47fc00a2c39e90264f33305004495a9","hash":"5b584dd65e7ee321ed338c956263c2581a145213"}
,"C:\\Users\\iuygf\\Desktop\\Rowqan_BackEnd\\Controllers\\AvailableEventsImagesController.js": {"path":"C:\\Users\\iuygf\\Desktop\\Rowqan_BackEnd\\Controllers\\AvailableEventsImagesController.js","statementMap":{"0":{"start":{"line":1,"column":32},"end":{"line":1,"column":76}},"1":{"start":{"line":2,"column":25},"end":{"line":2,"column":61}},"2":{"start":{"line":3,"column":15},"end":{"line":3,"column":42}},"3":{"start":{"line":4,"column":13},"end":{"line":4,"column":28}},"4":{"start":{"line":5,"column":41},"end":{"line":5,"column":74}},"5":{"start":{"line":7,"column":0},"end":{"line":39,"column":2}},"6":{"start":{"line":8,"column":2},"end":{"line":38,"column":3}},"7":{"start":{"line":9,"column":4},"end":{"line":11,"column":5}},"8":{"start":{"line":10,"column":6},"end":{"line":10,"column":87}},"9":{"start":{"line":13,"column":25},"end":{"line":13,"column":33}},"10":{"start":{"line":14,"column":29},"end":{"line":14,"column":56}},"11":{"start":{"line":15,"column":4},"end":{"line":17,"column":5}},"12":{"start":{"line":16,"column":6},"end":{"line":16,"column":71}},"13":{"start":{"line":19,"column":18},"end":{"line":19,"column":59}},"14":{"start":{"line":20,"column":4},"end":{"line":22,"column":5}},"15":{"start":{"line":21,"column":6},"end":{"line":21,"column":72}},"16":{"start":{"line":24,"column":19},"end":{"line":27,"column":7}},"17":{"start":{"line":24,"column":42},"end":{"line":27,"column":5}},"18":{"start":{"line":29,"column":22},"end":{"line":29,"column":70}},"19":{"start":{"line":31,"column":4},"end":{"line":34,"column":7}},"20":{"start":{"line":36,"column":4},"end":{"line":36,"column":25}},"21":{"start":{"line":37,"column":4},"end":{"line":37,"column":87}},"22":{"start":{"line":41,"column":0},"end":{"line":66,"column":2}},"23":{"start":{"line":42,"column":2},"end":{"line":65,"column":3}},"24":{"start":{"line":43,"column":25},"end":{"line":43,"column":35}},"25":{"start":{"line":45,"column":18},"end":{"line":45,"column":59}},"26":{"start":{"line":46,"column":4},"end":{"line":48,"column":5}},"27":{"start":{"line":47,"column":6},"end":{"line":47,"column":72}},"28":{"start":{"line":50,"column":19},"end":{"line":52,"column":6}},"29":{"start":{"line":54,"column":4},"end":{"line":56,"column":5}},"30":{"start":{"line":55,"column":6},"end":{"line":55,"column":87}},"31":{"start":{"line":58,"column":4},"end":{"line":61,"column":7}},"32":{"start":{"line":63,"column":4},"end":{"line":63,"column":25}},"33":{"start":{"line":64,"column":4},"end":{"line":64,"column":73}},"34":{"start":{"line":68,"column":0},"end":{"line":101,"column":2}},"35":{"start":{"line":69,"column":2},"end":{"line":100,"column":3}},"36":{"start":{"line":70,"column":19},"end":{"line":70,"column":29}},"37":{"start":{"line":71,"column":25},"end":{"line":71,"column":33}},"38":{"start":{"line":73,"column":29},"end":{"line":73,"column":60}},"39":{"start":{"line":74,"column":4},"end":{"line":76,"column":5}},"40":{"start":{"line":75,"column":6},"end":{"line":75,"column":71}},"41":{"start":{"line":78,"column":18},"end":{"line":78,"column":60}},"42":{"start":{"line":79,"column":4},"end":{"line":81,"column":5}},"43":{"start":{"line":80,"column":6},"end":{"line":80,"column":72}},"44":{"start":{"line":83,"column":18},"end":{"line":83,"column":59}},"45":{"start":{"line":84,"column":4},"end":{"line":86,"column":5}},"46":{"start":{"line":85,"column":6},"end":{"line":85,"column":72}},"47":{"start":{"line":88,"column":25},"end":{"line":91,"column":6}},"48":{"start":{"line":93,"column":4},"end":{"line":96,"column":7}},"49":{"start":{"line":98,"column":4},"end":{"line":98,"column":25}},"50":{"start":{"line":99,"column":4},"end":{"line":99,"column":70}},"51":{"start":{"line":103,"column":0},"end":{"line":121,"column":2}},"52":{"start":{"line":104,"column":2},"end":{"line":120,"column":3}},"53":{"start":{"line":105,"column":19},"end":{"line":105,"column":29}},"54":{"start":{"line":107,"column":18},"end":{"line":107,"column":60}},"55":{"start":{"line":108,"column":4},"end":{"line":110,"column":5}},"56":{"start":{"line":109,"column":6},"end":{"line":109,"column":72}},"57":{"start":{"line":112,"column":4},"end":{"line":112,"column":26}},"58":{"start":{"line":114,"column":4},"end":{"line":116,"column":7}},"59":{"start":{"line":118,"column":4},"end":{"line":118,"column":25}},"60":{"start":{"line":119,"column":4},"end":{"line":119,"column":70}}},"fnMap":{"0":{"name":"(anonymous_0)","decl":{"start":{"line":7,"column":37},"end":{"line":7,"column":38}},"loc":{"start":{"line":7,"column":57},"end":{"line":39,"column":1}},"line":7},"1":{"name":"(anonymous_1)","decl":{"start":{"line":24,"column":33},"end":{"line":24,"column":34}},"loc":{"start":{"line":24,"column":42},"end":{"line":27,"column":5}},"line":24},"2":{"name":"(anonymous_2)","decl":{"start":{"line":41,"column":34},"end":{"line":41,"column":35}},"loc":{"start":{"line":41,"column":54},"end":{"line":66,"column":1}},"line":41},"3":{"name":"(anonymous_3)","decl":{"start":{"line":68,"column":36},"end":{"line":68,"column":37}},"loc":{"start":{"line":68,"column":56},"end":{"line":101,"column":1}},"line":68},"4":{"name":"(anonymous_4)","decl":{"start":{"line":103,"column":36},"end":{"line":103,"column":37}},"loc":{"start":{"line":103,"column":56},"end":{"line":121,"column":1}},"line":103}},"branchMap":{"0":{"loc":{"start":{"line":9,"column":4},"end":{"line":11,"column":5}},"type":"if","locations":[{"start":{"line":9,"column":4},"end":{"line":11,"column":5}},{"start":{},"end":{}}],"line":9},"1":{"loc":{"start":{"line":9,"column":8},"end":{"line":9,"column":44}},"type":"binary-expr","locations":[{"start":{"line":9,"column":8},"end":{"line":9,"column":18}},{"start":{"line":9,"column":22},"end":{"line":9,"column":44}}],"line":9},"2":{"loc":{"start":{"line":15,"column":4},"end":{"line":17,"column":5}},"type":"if","locations":[{"start":{"line":15,"column":4},"end":{"line":17,"column":5}},{"start":{},"end":{}}],"line":15},"3":{"loc":{"start":{"line":20,"column":4},"end":{"line":22,"column":5}},"type":"if","locations":[{"start":{"line":20,"column":4},"end":{"line":22,"column":5}},{"start":{},"end":{}}],"line":20},"4":{"loc":{"start":{"line":46,"column":4},"end":{"line":48,"column":5}},"type":"if","locations":[{"start":{"line":46,"column":4},"end":{"line":48,"column":5}},{"start":{},"end":{}}],"line":46},"5":{"loc":{"start":{"line":54,"column":4},"end":{"line":56,"column":5}},"type":"if","locations":[{"start":{"line":54,"column":4},"end":{"line":56,"column":5}},{"start":{},"end":{}}],"line":54},"6":{"loc":{"start":{"line":74,"column":4},"end":{"line":76,"column":5}},"type":"if","locations":[{"start":{"line":74,"column":4},"end":{"line":76,"column":5}},{"start":{},"end":{}}],"line":74},"7":{"loc":{"start":{"line":79,"column":4},"end":{"line":81,"column":5}},"type":"if","locations":[{"start":{"line":79,"column":4},"end":{"line":81,"column":5}},{"start":{},"end":{}}],"line":79},"8":{"loc":{"start":{"line":84,"column":4},"end":{"line":86,"column":5}},"type":"if","locations":[{"start":{"line":84,"column":4},"end":{"line":86,"column":5}},{"start":{},"end":{}}],"line":84},"9":{"loc":{"start":{"line":89,"column":13},"end":{"line":89,"column":55}},"type":"cond-expr","locations":[{"start":{"line":89,"column":24},"end":{"line":89,"column":41}},{"start":{"line":89,"column":44},"end":{"line":89,"column":55}}],"line":89},"10":{"loc":{"start":{"line":108,"column":4},"end":{"line":110,"column":5}},"type":"if","locations":[{"start":{"line":108,"column":4},"end":{"line":110,"column":5}},{"start":{},"end":{}}],"line":108}},"s":{"0":1,"1":1,"2":1,"3":1,"4":1,"5":1,"6":0,"7":0,"8":0,"9":0,"10":0,"11":0,"12":0,"13":0,"14":0,"15":0,"16":0,"17":0,"18":0,"19":0,"20":0,"21":0,"22":1,"23":0,"24":0,"25":0,"26":0,"27":0,"28":0,"29":0,"30":0,"31":0,"32":0,"33":0,"34":1,"35":0,"36":0,"37":0,"38":0,"39":0,"40":0,"41":0,"42":0,"43":0,"44":0,"45":0,"46":0,"47":0,"48":0,"49":0,"50":0,"51":1,"52":0,"53":0,"54":0,"55":0,"56":0,"57":0,"58":0,"59":0,"60":0},"f":{"0":0,"1":0,"2":0,"3":0,"4":0},"b":{"0":[0,0],"1":[0,0],"2":[0,0],"3":[0,0],"4":[0,0],"5":[0,0],"6":[0,0],"7":[0,0],"8":[0,0],"9":[0,0],"10":[0,0]},"_coverageSchema":"1a1c01bbd47fc00a2c39e90264f33305004495a9","hash":"b244fbf4de58119109f969da8dca8d56d5e02570"}
,"C:\\Users\\iuygf\\Desktop\\Rowqan_BackEnd\\Controllers\\BreifDetailsChaletsController.js": {"path":"C:\\Users\\iuygf\\Desktop\\Rowqan_BackEnd\\Controllers\\BreifDetailsChaletsController.js","statementMap":{"0":{"start":{"line":1,"column":28},"end":{"line":1,"column":68}},"1":{"start":{"line":2,"column":15},"end":{"line":2,"column":48}},"2":{"start":{"line":3,"column":41},"end":{"line":3,"column":74}},"3":{"start":{"line":5,"column":0},"end":{"line":43,"column":2}},"4":{"start":{"line":6,"column":2},"end":{"line":42,"column":3}},"5":{"start":{"line":7,"column":45},"end":{"line":7,"column":53}},"6":{"start":{"line":9,"column":29},"end":{"line":9,"column":76}},"7":{"start":{"line":10,"column":4},"end":{"line":12,"column":5}},"8":{"start":{"line":11,"column":6},"end":{"line":11,"column":71}},"9":{"start":{"line":14,"column":4},"end":{"line":16,"column":5}},"10":{"start":{"line":15,"column":6},"end":{"line":15,"column":73}},"11":{"start":{"line":18,"column":19},"end":{"line":18,"column":51}},"12":{"start":{"line":19,"column":4},"end":{"line":21,"column":5}},"13":{"start":{"line":20,"column":6},"end":{"line":20,"column":73}},"14":{"start":{"line":23,"column":39},"end":{"line":23,"column":110}},"15":{"start":{"line":24,"column":4},"end":{"line":26,"column":5}},"16":{"start":{"line":25,"column":6},"end":{"line":25,"column":130}},"17":{"start":{"line":28,"column":34},"end":{"line":33,"column":6}},"18":{"start":{"line":35,"column":4},"end":{"line":38,"column":7}},"19":{"start":{"line":40,"column":4},"end":{"line":40,"column":25}},"20":{"start":{"line":41,"column":4},"end":{"line":41,"column":83}},"21":{"start":{"line":45,"column":0},"end":{"line":74,"column":2}},"22":{"start":{"line":46,"column":2},"end":{"line":73,"column":3}},"23":{"start":{"line":47,"column":32},"end":{"line":47,"column":42}},"24":{"start":{"line":49,"column":4},"end":{"line":51,"column":5}},"25":{"start":{"line":50,"column":6},"end":{"line":50,"column":73}},"26":{"start":{"line":53,"column":19},"end":{"line":60,"column":6}},"27":{"start":{"line":62,"column":4},"end":{"line":64,"column":5}},"28":{"start":{"line":63,"column":6},"end":{"line":63,"column":73}},"29":{"start":{"line":66,"column":4},"end":{"line":69,"column":7}},"30":{"start":{"line":71,"column":4},"end":{"line":71,"column":25}},"31":{"start":{"line":72,"column":4},"end":{"line":72,"column":86}},"32":{"start":{"line":76,"column":0},"end":{"line":100,"column":2}},"33":{"start":{"line":77,"column":2},"end":{"line":99,"column":3}},"34":{"start":{"line":78,"column":25},"end":{"line":78,"column":35}},"35":{"start":{"line":80,"column":4},"end":{"line":82,"column":5}},"36":{"start":{"line":81,"column":6},"end":{"line":81,"column":73}},"37":{"start":{"line":84,"column":31},"end":{"line":86,"column":6}},"38":{"start":{"line":88,"column":4},"end":{"line":90,"column":5}},"39":{"start":{"line":89,"column":6},"end":{"line":89,"column":85}},"40":{"start":{"line":92,"column":4},"end":{"line":95,"column":7}},"41":{"start":{"line":97,"column":4},"end":{"line":97,"column":25}},"42":{"start":{"line":98,"column":4},"end":{"line":98,"column":85}},"43":{"start":{"line":102,"column":0},"end":{"line":141,"column":2}},"44":{"start":{"line":103,"column":2},"end":{"line":140,"column":3}},"45":{"start":{"line":104,"column":19},"end":{"line":104,"column":29}},"46":{"start":{"line":105,"column":45},"end":{"line":105,"column":53}},"47":{"start":{"line":107,"column":29},"end":{"line":107,"column":76}},"48":{"start":{"line":108,"column":4},"end":{"line":110,"column":5}},"49":{"start":{"line":109,"column":6},"end":{"line":109,"column":71}},"50":{"start":{"line":112,"column":4},"end":{"line":114,"column":5}},"51":{"start":{"line":113,"column":6},"end":{"line":113,"column":73}},"52":{"start":{"line":116,"column":31},"end":{"line":116,"column":69}},"53":{"start":{"line":117,"column":4},"end":{"line":119,"column":5}},"54":{"start":{"line":118,"column":6},"end":{"line":118,"column":85}},"55":{"start":{"line":121,"column":19},"end":{"line":121,"column":51}},"56":{"start":{"line":122,"column":4},"end":{"line":124,"column":5}},"57":{"start":{"line":123,"column":6},"end":{"line":123,"column":73}},"58":{"start":{"line":126,"column":4},"end":{"line":126,"column":62}},"59":{"start":{"line":127,"column":4},"end":{"line":127,"column":65}},"60":{"start":{"line":128,"column":4},"end":{"line":128,"column":62}},"61":{"start":{"line":129,"column":4},"end":{"line":129,"column":77}},"62":{"start":{"line":131,"column":4},"end":{"line":131,"column":36}},"63":{"start":{"line":133,"column":4},"end":{"line":136,"column":7}},"64":{"start":{"line":138,"column":4},"end":{"line":138,"column":25}},"65":{"start":{"line":139,"column":4},"end":{"line":139,"column":83}},"66":{"start":{"line":143,"column":0},"end":{"line":168,"column":2}},"67":{"start":{"line":144,"column":2},"end":{"line":167,"column":3}},"68":{"start":{"line":145,"column":25},"end":{"line":145,"column":35}},"69":{"start":{"line":147,"column":4},"end":{"line":149,"column":5}},"70":{"start":{"line":148,"column":6},"end":{"line":148,"column":73}},"71":{"start":{"line":151,"column":31},"end":{"line":153,"column":6}},"72":{"start":{"line":155,"column":4},"end":{"line":157,"column":5}},"73":{"start":{"line":156,"column":6},"end":{"line":156,"column":85}},"74":{"start":{"line":159,"column":4},"end":{"line":159,"column":39}},"75":{"start":{"line":161,"column":4},"end":{"line":163,"column":7}},"76":{"start":{"line":165,"column":4},"end":{"line":165,"column":25}},"77":{"start":{"line":166,"column":4},"end":{"line":166,"column":83}}},"fnMap":{"0":{"name":"(anonymous_0)","decl":{"start":{"line":5,"column":35},"end":{"line":5,"column":36}},"loc":{"start":{"line":5,"column":55},"end":{"line":43,"column":1}},"line":5},"1":{"name":"(anonymous_1)","decl":{"start":{"line":45,"column":36},"end":{"line":45,"column":37}},"loc":{"start":{"line":45,"column":56},"end":{"line":74,"column":1}},"line":45},"2":{"name":"(anonymous_2)","decl":{"start":{"line":76,"column":30},"end":{"line":76,"column":31}},"loc":{"start":{"line":76,"column":50},"end":{"line":100,"column":1}},"line":76},"3":{"name":"(anonymous_3)","decl":{"start":{"line":102,"column":35},"end":{"line":102,"column":36}},"loc":{"start":{"line":102,"column":55},"end":{"line":141,"column":1}},"line":102},"4":{"name":"(anonymous_4)","decl":{"start":{"line":143,"column":35},"end":{"line":143,"column":36}},"loc":{"start":{"line":143,"column":55},"end":{"line":168,"column":1}},"line":143}},"branchMap":{"0":{"loc":{"start":{"line":10,"column":4},"end":{"line":12,"column":5}},"type":"if","locations":[{"start":{"line":10,"column":4},"end":{"line":12,"column":5}},{"start":{},"end":{}}],"line":10},"1":{"loc":{"start":{"line":14,"column":4},"end":{"line":16,"column":5}},"type":"if","locations":[{"start":{"line":14,"column":4},"end":{"line":16,"column":5}},{"start":{},"end":{}}],"line":14},"2":{"loc":{"start":{"line":19,"column":4},"end":{"line":21,"column":5}},"type":"if","locations":[{"start":{"line":19,"column":4},"end":{"line":21,"column":5}},{"start":{},"end":{}}],"line":19},"3":{"loc":{"start":{"line":24,"column":4},"end":{"line":26,"column":5}},"type":"if","locations":[{"start":{"line":24,"column":4},"end":{"line":26,"column":5}},{"start":{},"end":{}}],"line":24},"4":{"loc":{"start":{"line":49,"column":4},"end":{"line":51,"column":5}},"type":"if","locations":[{"start":{"line":49,"column":4},"end":{"line":51,"column":5}},{"start":{},"end":{}}],"line":49},"5":{"loc":{"start":{"line":62,"column":4},"end":{"line":64,"column":5}},"type":"if","locations":[{"start":{"line":62,"column":4},"end":{"line":64,"column":5}},{"start":{},"end":{}}],"line":62},"6":{"loc":{"start":{"line":80,"column":4},"end":{"line":82,"column":5}},"type":"if","locations":[{"start":{"line":80,"column":4},"end":{"line":82,"column":5}},{"start":{},"end":{}}],"line":80},"7":{"loc":{"start":{"line":88,"column":4},"end":{"line":90,"column":5}},"type":"if","locations":[{"start":{"line":88,"column":4},"end":{"line":90,"column":5}},{"start":{},"end":{}}],"line":88},"8":{"loc":{"start":{"line":108,"column":4},"end":{"line":110,"column":5}},"type":"if","locations":[{"start":{"line":108,"column":4},"end":{"line":110,"column":5}},{"start":{},"end":{}}],"line":108},"9":{"loc":{"start":{"line":112,"column":4},"end":{"line":114,"column":5}},"type":"if","locations":[{"start":{"line":112,"column":4},"end":{"line":114,"column":5}},{"start":{},"end":{}}],"line":112},"10":{"loc":{"start":{"line":117,"column":4},"end":{"line":119,"column":5}},"type":"if","locations":[{"start":{"line":117,"column":4},"end":{"line":119,"column":5}},{"start":{},"end":{}}],"line":117},"11":{"loc":{"start":{"line":122,"column":4},"end":{"line":124,"column":5}},"type":"if","locations":[{"start":{"line":122,"column":4},"end":{"line":124,"column":5}},{"start":{},"end":{}}],"line":122},"12":{"loc":{"start":{"line":126,"column":30},"end":{"line":126,"column":61}},"type":"binary-expr","locations":[{"start":{"line":126,"column":30},"end":{"line":126,"column":34}},{"start":{"line":126,"column":38},"end":{"line":126,"column":61}}],"line":126},"13":{"loc":{"start":{"line":127,"column":31},"end":{"line":127,"column":64}},"type":"binary-expr","locations":[{"start":{"line":127,"column":31},"end":{"line":127,"column":36}},{"start":{"line":127,"column":40},"end":{"line":127,"column":64}}],"line":127},"14":{"loc":{"start":{"line":128,"column":30},"end":{"line":128,"column":61}},"type":"binary-expr","locations":[{"start":{"line":128,"column":30},"end":{"line":128,"column":34}},{"start":{"line":128,"column":38},"end":{"line":128,"column":61}}],"line":128},"15":{"loc":{"start":{"line":129,"column":35},"end":{"line":129,"column":76}},"type":"binary-expr","locations":[{"start":{"line":129,"column":35},"end":{"line":129,"column":44}},{"start":{"line":129,"column":48},"end":{"line":129,"column":76}}],"line":129},"16":{"loc":{"start":{"line":147,"column":4},"end":{"line":149,"column":5}},"type":"if","locations":[{"start":{"line":147,"column":4},"end":{"line":149,"column":5}},{"start":{},"end":{}}],"line":147},"17":{"loc":{"start":{"line":155,"column":4},"end":{"line":157,"column":5}},"type":"if","locations":[{"start":{"line":155,"column":4},"end":{"line":157,"column":5}},{"start":{},"end":{}}],"line":155}},"s":{"0":1,"1":1,"2":1,"3":1,"4":0,"5":0,"6":0,"7":0,"8":0,"9":0,"10":0,"11":0,"12":0,"13":0,"14":0,"15":0,"16":0,"17":0,"18":0,"19":0,"20":0,"21":1,"22":0,"23":0,"24":0,"25":0,"26":0,"27":0,"28":0,"29":0,"30":0,"31":0,"32":1,"33":0,"34":0,"35":0,"36":0,"37":0,"38":0,"39":0,"40":0,"41":0,"42":0,"43":1,"44":0,"45":0,"46":0,"47":0,"48":0,"49":0,"50":0,"51":0,"52":0,"53":0,"54":0,"55":0,"56":0,"57":0,"58":0,"59":0,"60":0,"61":0,"62":0,"63":0,"64":0,"65":0,"66":1,"67":0,"68":0,"69":0,"70":0,"71":0,"72":0,"73":0,"74":0,"75":0,"76":0,"77":0},"f":{"0":0,"1":0,"2":0,"3":0,"4":0},"b":{"0":[0,0],"1":[0,0],"2":[0,0],"3":[0,0],"4":[0,0],"5":[0,0],"6":[0,0],"7":[0,0],"8":[0,0],"9":[0,0],"10":[0,0],"11":[0,0],"12":[0,0],"13":[0,0],"14":[0,0],"15":[0,0],"16":[0,0],"17":[0,0]},"_coverageSchema":"1a1c01bbd47fc00a2c39e90264f33305004495a9","hash":"28d1f3e82363f1d2edb65512d77f56c388d64779"}
,"C:\\Users\\iuygf\\Desktop\\Rowqan_BackEnd\\Controllers\\BreifLandsController.js": {"path":"C:\\Users\\iuygf\\Desktop\\Rowqan_BackEnd\\Controllers\\BreifLandsController.js","statementMap":{"0":{"start":{"line":1,"column":24},"end":{"line":1,"column":60}},"1":{"start":{"line":2,"column":29},"end":{"line":2,"column":70}},"2":{"start":{"line":3,"column":41},"end":{"line":3,"column":74}},"3":{"start":{"line":5,"column":0},"end":{"line":38,"column":2}},"4":{"start":{"line":6,"column":2},"end":{"line":37,"column":3}},"5":{"start":{"line":7,"column":47},"end":{"line":7,"column":55}},"6":{"start":{"line":9,"column":29},"end":{"line":9,"column":78}},"7":{"start":{"line":10,"column":4},"end":{"line":12,"column":5}},"8":{"start":{"line":11,"column":6},"end":{"line":11,"column":71}},"9":{"start":{"line":14,"column":4},"end":{"line":16,"column":5}},"10":{"start":{"line":15,"column":6},"end":{"line":15,"column":73}},"11":{"start":{"line":18,"column":21},"end":{"line":18,"column":69}},"12":{"start":{"line":19,"column":4},"end":{"line":21,"column":5}},"13":{"start":{"line":20,"column":6},"end":{"line":20,"column":75}},"14":{"start":{"line":23,"column":25},"end":{"line":28,"column":6}},"15":{"start":{"line":30,"column":4},"end":{"line":33,"column":7}},"16":{"start":{"line":35,"column":4},"end":{"line":35,"column":25}},"17":{"start":{"line":36,"column":4},"end":{"line":36,"column":75}},"18":{"start":{"line":40,"column":0},"end":{"line":64,"column":2}},"19":{"start":{"line":41,"column":2},"end":{"line":63,"column":3}},"20":{"start":{"line":42,"column":28},"end":{"line":42,"column":38}},"21":{"start":{"line":44,"column":23},"end":{"line":50,"column":6}},"22":{"start":{"line":52,"column":4},"end":{"line":54,"column":5}},"23":{"start":{"line":53,"column":6},"end":{"line":53,"column":95}},"24":{"start":{"line":56,"column":4},"end":{"line":59,"column":7}},"25":{"start":{"line":61,"column":4},"end":{"line":61,"column":25}},"26":{"start":{"line":62,"column":4},"end":{"line":62,"column":78}},"27":{"start":{"line":66,"column":0},"end":{"line":90,"column":2}},"28":{"start":{"line":67,"column":2},"end":{"line":89,"column":3}},"29":{"start":{"line":68,"column":19},"end":{"line":68,"column":29}},"30":{"start":{"line":70,"column":22},"end":{"line":76,"column":6}},"31":{"start":{"line":78,"column":4},"end":{"line":80,"column":5}},"32":{"start":{"line":79,"column":6},"end":{"line":79,"column":77}},"33":{"start":{"line":82,"column":4},"end":{"line":85,"column":7}},"34":{"start":{"line":87,"column":4},"end":{"line":87,"column":25}},"35":{"start":{"line":88,"column":4},"end":{"line":88,"column":77}},"36":{"start":{"line":92,"column":0},"end":{"line":131,"column":2}},"37":{"start":{"line":93,"column":2},"end":{"line":130,"column":3}},"38":{"start":{"line":94,"column":19},"end":{"line":94,"column":29}},"39":{"start":{"line":95,"column":47},"end":{"line":95,"column":55}},"40":{"start":{"line":97,"column":29},"end":{"line":97,"column":78}},"41":{"start":{"line":98,"column":4},"end":{"line":100,"column":5}},"42":{"start":{"line":99,"column":6},"end":{"line":99,"column":71}},"43":{"start":{"line":102,"column":4},"end":{"line":104,"column":5}},"44":{"start":{"line":103,"column":6},"end":{"line":103,"column":73}},"45":{"start":{"line":106,"column":21},"end":{"line":106,"column":69}},"46":{"start":{"line":107,"column":4},"end":{"line":109,"column":5}},"47":{"start":{"line":108,"column":6},"end":{"line":108,"column":75}},"48":{"start":{"line":111,"column":22},"end":{"line":111,"column":56}},"49":{"start":{"line":112,"column":4},"end":{"line":114,"column":5}},"50":{"start":{"line":113,"column":6},"end":{"line":113,"column":77}},"51":{"start":{"line":116,"column":4},"end":{"line":116,"column":44}},"52":{"start":{"line":117,"column":4},"end":{"line":117,"column":47}},"53":{"start":{"line":118,"column":4},"end":{"line":118,"column":44}},"54":{"start":{"line":119,"column":4},"end":{"line":119,"column":65}},"55":{"start":{"line":121,"column":4},"end":{"line":121,"column":27}},"56":{"start":{"line":123,"column":4},"end":{"line":126,"column":7}},"57":{"start":{"line":128,"column":4},"end":{"line":128,"column":25}},"58":{"start":{"line":129,"column":4},"end":{"line":129,"column":75}},"59":{"start":{"line":133,"column":0},"end":{"line":158,"column":2}},"60":{"start":{"line":134,"column":2},"end":{"line":157,"column":3}},"61":{"start":{"line":135,"column":25},"end":{"line":135,"column":35}},"62":{"start":{"line":137,"column":22},"end":{"line":139,"column":6}},"63":{"start":{"line":141,"column":4},"end":{"line":145,"column":5}},"64":{"start":{"line":142,"column":6},"end":{"line":144,"column":9}},"65":{"start":{"line":147,"column":4},"end":{"line":147,"column":30}},"66":{"start":{"line":149,"column":4},"end":{"line":151,"column":7}},"67":{"start":{"line":153,"column":4},"end":{"line":153,"column":25}},"68":{"start":{"line":154,"column":4},"end":{"line":156,"column":7}}},"fnMap":{"0":{"name":"(anonymous_0)","decl":{"start":{"line":5,"column":26},"end":{"line":5,"column":27}},"loc":{"start":{"line":5,"column":46},"end":{"line":38,"column":1}},"line":5},"1":{"name":"(anonymous_1)","decl":{"start":{"line":40,"column":37},"end":{"line":40,"column":38}},"loc":{"start":{"line":40,"column":57},"end":{"line":64,"column":1}},"line":40},"2":{"name":"(anonymous_2)","decl":{"start":{"line":66,"column":27},"end":{"line":66,"column":28}},"loc":{"start":{"line":66,"column":47},"end":{"line":90,"column":1}},"line":66},"3":{"name":"(anonymous_3)","decl":{"start":{"line":92,"column":26},"end":{"line":92,"column":27}},"loc":{"start":{"line":92,"column":46},"end":{"line":131,"column":1}},"line":92},"4":{"name":"(anonymous_4)","decl":{"start":{"line":133,"column":26},"end":{"line":133,"column":27}},"loc":{"start":{"line":133,"column":46},"end":{"line":158,"column":1}},"line":133}},"branchMap":{"0":{"loc":{"start":{"line":10,"column":4},"end":{"line":12,"column":5}},"type":"if","locations":[{"start":{"line":10,"column":4},"end":{"line":12,"column":5}},{"start":{},"end":{}}],"line":10},"1":{"loc":{"start":{"line":14,"column":4},"end":{"line":16,"column":5}},"type":"if","locations":[{"start":{"line":14,"column":4},"end":{"line":16,"column":5}},{"start":{},"end":{}}],"line":14},"2":{"loc":{"start":{"line":19,"column":4},"end":{"line":21,"column":5}},"type":"if","locations":[{"start":{"line":19,"column":4},"end":{"line":21,"column":5}},{"start":{},"end":{}}],"line":19},"3":{"loc":{"start":{"line":52,"column":4},"end":{"line":54,"column":5}},"type":"if","locations":[{"start":{"line":52,"column":4},"end":{"line":54,"column":5}},{"start":{},"end":{}}],"line":52},"4":{"loc":{"start":{"line":78,"column":4},"end":{"line":80,"column":5}},"type":"if","locations":[{"start":{"line":78,"column":4},"end":{"line":80,"column":5}},{"start":{},"end":{}}],"line":78},"5":{"loc":{"start":{"line":98,"column":4},"end":{"line":100,"column":5}},"type":"if","locations":[{"start":{"line":98,"column":4},"end":{"line":100,"column":5}},{"start":{},"end":{}}],"line":98},"6":{"loc":{"start":{"line":102,"column":4},"end":{"line":104,"column":5}},"type":"if","locations":[{"start":{"line":102,"column":4},"end":{"line":104,"column":5}},{"start":{},"end":{}}],"line":102},"7":{"loc":{"start":{"line":107,"column":4},"end":{"line":109,"column":5}},"type":"if","locations":[{"start":{"line":107,"column":4},"end":{"line":109,"column":5}},{"start":{},"end":{}}],"line":107},"8":{"loc":{"start":{"line":112,"column":4},"end":{"line":114,"column":5}},"type":"if","locations":[{"start":{"line":112,"column":4},"end":{"line":114,"column":5}},{"start":{},"end":{}}],"line":112},"9":{"loc":{"start":{"line":116,"column":21},"end":{"line":116,"column":43}},"type":"binary-expr","locations":[{"start":{"line":116,"column":21},"end":{"line":116,"column":25}},{"start":{"line":116,"column":29},"end":{"line":116,"column":43}}],"line":116},"10":{"loc":{"start":{"line":117,"column":22},"end":{"line":117,"column":46}},"type":"binary-expr","locations":[{"start":{"line":117,"column":22},"end":{"line":117,"column":27}},{"start":{"line":117,"column":31},"end":{"line":117,"column":46}}],"line":117},"11":{"loc":{"start":{"line":118,"column":21},"end":{"line":118,"column":43}},"type":"binary-expr","locations":[{"start":{"line":118,"column":21},"end":{"line":118,"column":25}},{"start":{"line":118,"column":29},"end":{"line":118,"column":43}}],"line":118},"12":{"loc":{"start":{"line":119,"column":28},"end":{"line":119,"column":64}},"type":"binary-expr","locations":[{"start":{"line":119,"column":28},"end":{"line":119,"column":39}},{"start":{"line":119,"column":43},"end":{"line":119,"column":64}}],"line":119},"13":{"loc":{"start":{"line":141,"column":4},"end":{"line":145,"column":5}},"type":"if","locations":[{"start":{"line":141,"column":4},"end":{"line":145,"column":5}},{"start":{},"end":{}}],"line":141},"14":{"loc":{"start":{"line":143,"column":8},"end":{"line":143,"column":78}},"type":"cond-expr","locations":[{"start":{"line":143,"column":24},"end":{"line":143,"column":46}},{"start":{"line":143,"column":49},"end":{"line":143,"column":78}}],"line":143},"15":{"loc":{"start":{"line":150,"column":15},"end":{"line":150,"column":98}},"type":"cond-expr","locations":[{"start":{"line":150,"column":31},"end":{"line":150,"column":64}},{"start":{"line":150,"column":67},"end":{"line":150,"column":98}}],"line":150},"16":{"loc":{"start":{"line":155,"column":6},"end":{"line":155,"column":83}},"type":"cond-expr","locations":[{"start":{"line":155,"column":22},"end":{"line":155,"column":51}},{"start":{"line":155,"column":54},"end":{"line":155,"column":83}}],"line":155}},"s":{"0":1,"1":1,"2":1,"3":1,"4":0,"5":0,"6":0,"7":0,"8":0,"9":0,"10":0,"11":0,"12":0,"13":0,"14":0,"15":0,"16":0,"17":0,"18":1,"19":0,"20":0,"21":0,"22":0,"23":0,"24":0,"25":0,"26":0,"27":1,"28":0,"29":0,"30":0,"31":0,"32":0,"33":0,"34":0,"35":0,"36":1,"37":0,"38":0,"39":0,"40":0,"41":0,"42":0,"43":0,"44":0,"45":0,"46":0,"47":0,"48":0,"49":0,"50":0,"51":0,"52":0,"53":0,"54":0,"55":0,"56":0,"57":0,"58":0,"59":1,"60":0,"61":0,"62":0,"63":0,"64":0,"65":0,"66":0,"67":0,"68":0},"f":{"0":0,"1":0,"2":0,"3":0,"4":0},"b":{"0":[0,0],"1":[0,0],"2":[0,0],"3":[0,0],"4":[0,0],"5":[0,0],"6":[0,0],"7":[0,0],"8":[0,0],"9":[0,0],"10":[0,0],"11":[0,0],"12":[0,0],"13":[0,0],"14":[0,0],"15":[0,0],"16":[0,0]},"_coverageSchema":"1a1c01bbd47fc00a2c39e90264f33305004495a9","hash":"b91f4d78466f039b2051d5456b5af8d0b355e2fe"}
,"C:\\Users\\iuygf\\Desktop\\Rowqan_BackEnd\\Controllers\\CategoriesImagesController.js": {"path":"C:\\Users\\iuygf\\Desktop\\Rowqan_BackEnd\\Controllers\\CategoriesImagesController.js","statementMap":{"0":{"start":{"line":1,"column":29},"end":{"line":1,"column":72}},"1":{"start":{"line":2,"column":29},"end":{"line":2,"column":70}},"2":{"start":{"line":3,"column":41},"end":{"line":3,"column":74}},"3":{"start":{"line":5,"column":0},"end":{"line":39,"column":2}},"4":{"start":{"line":6,"column":2},"end":{"line":38,"column":3}},"5":{"start":{"line":7,"column":4},"end":{"line":9,"column":5}},"6":{"start":{"line":8,"column":6},"end":{"line":8,"column":87}},"7":{"start":{"line":11,"column":28},"end":{"line":11,"column":36}},"8":{"start":{"line":14,"column":29},"end":{"line":14,"column":59}},"9":{"start":{"line":15,"column":4},"end":{"line":17,"column":5}},"10":{"start":{"line":16,"column":6},"end":{"line":16,"column":88}},"11":{"start":{"line":19,"column":17},"end":{"line":19,"column":65}},"12":{"start":{"line":20,"column":4},"end":{"line":22,"column":5}},"13":{"start":{"line":21,"column":6},"end":{"line":21,"column":71}},"14":{"start":{"line":24,"column":19},"end":{"line":27,"column":7}},"15":{"start":{"line":24,"column":42},"end":{"line":27,"column":5}},"16":{"start":{"line":29,"column":22},"end":{"line":29,"column":67}},"17":{"start":{"line":31,"column":4},"end":{"line":34,"column":7}},"18":{"start":{"line":36,"column":4},"end":{"line":36,"column":25}},"19":{"start":{"line":37,"column":4},"end":{"line":37,"column":87}},"20":{"start":{"line":41,"column":0},"end":{"line":70,"column":2}},"21":{"start":{"line":42,"column":2},"end":{"line":69,"column":3}},"22":{"start":{"line":43,"column":28},"end":{"line":43,"column":38}},"23":{"start":{"line":46,"column":29},"end":{"line":46,"column":59}},"24":{"start":{"line":47,"column":4},"end":{"line":49,"column":5}},"25":{"start":{"line":48,"column":6},"end":{"line":48,"column":94}},"26":{"start":{"line":51,"column":19},"end":{"line":51,"column":53}},"27":{"start":{"line":53,"column":31},"end":{"line":59,"column":6}},"28":{"start":{"line":61,"column":4},"end":{"line":63,"column":5}},"29":{"start":{"line":62,"column":6},"end":{"line":62,"column":113}},"30":{"start":{"line":65,"column":4},"end":{"line":65,"column":45}},"31":{"start":{"line":67,"column":4},"end":{"line":67,"column":25}},"32":{"start":{"line":68,"column":4},"end":{"line":68,"column":87}},"33":{"start":{"line":72,"column":0},"end":{"line":102,"column":2}},"34":{"start":{"line":73,"column":2},"end":{"line":101,"column":3}},"35":{"start":{"line":74,"column":19},"end":{"line":74,"column":29}},"36":{"start":{"line":77,"column":29},"end":{"line":77,"column":50}},"37":{"start":{"line":78,"column":4},"end":{"line":80,"column":5}},"38":{"start":{"line":79,"column":6},"end":{"line":79,"column":85}},"39":{"start":{"line":82,"column":30},"end":{"line":88,"column":6}},"40":{"start":{"line":90,"column":4},"end":{"line":92,"column":5}},"41":{"start":{"line":91,"column":6},"end":{"line":91,"column":86}},"42":{"start":{"line":94,"column":4},"end":{"line":97,"column":7}},"43":{"start":{"line":99,"column":4},"end":{"line":99,"column":25}},"44":{"start":{"line":100,"column":4},"end":{"line":100,"column":86}},"45":{"start":{"line":104,"column":0},"end":{"line":135,"column":2}},"46":{"start":{"line":105,"column":2},"end":{"line":134,"column":3}},"47":{"start":{"line":106,"column":19},"end":{"line":106,"column":29}},"48":{"start":{"line":107,"column":28},"end":{"line":107,"column":36}},"49":{"start":{"line":110,"column":29},"end":{"line":110,"column":59}},"50":{"start":{"line":111,"column":4},"end":{"line":113,"column":5}},"51":{"start":{"line":112,"column":6},"end":{"line":112,"column":88}},"52":{"start":{"line":115,"column":18},"end":{"line":115,"column":53}},"53":{"start":{"line":117,"column":30},"end":{"line":117,"column":69}},"54":{"start":{"line":118,"column":4},"end":{"line":120,"column":5}},"55":{"start":{"line":119,"column":6},"end":{"line":119,"column":86}},"56":{"start":{"line":122,"column":4},"end":{"line":122,"column":63}},"57":{"start":{"line":123,"column":4},"end":{"line":123,"column":81}},"58":{"start":{"line":125,"column":4},"end":{"line":125,"column":35}},"59":{"start":{"line":127,"column":4},"end":{"line":130,"column":7}},"60":{"start":{"line":132,"column":4},"end":{"line":132,"column":25}},"61":{"start":{"line":133,"column":4},"end":{"line":133,"column":84}},"62":{"start":{"line":137,"column":0},"end":{"line":161,"column":2}},"63":{"start":{"line":138,"column":2},"end":{"line":160,"column":3}},"64":{"start":{"line":139,"column":19},"end":{"line":139,"column":29}},"65":{"start":{"line":142,"column":29},"end":{"line":142,"column":50}},"66":{"start":{"line":143,"column":4},"end":{"line":145,"column":5}},"67":{"start":{"line":144,"column":6},"end":{"line":144,"column":85}},"68":{"start":{"line":147,"column":30},"end":{"line":147,"column":69}},"69":{"start":{"line":148,"column":4},"end":{"line":150,"column":5}},"70":{"start":{"line":149,"column":6},"end":{"line":149,"column":86}},"71":{"start":{"line":152,"column":4},"end":{"line":152,"column":38}},"72":{"start":{"line":154,"column":4},"end":{"line":156,"column":7}},"73":{"start":{"line":158,"column":4},"end":{"line":158,"column":25}},"74":{"start":{"line":159,"column":4},"end":{"line":159,"column":84}}},"fnMap":{"0":{"name":"(anonymous_0)","decl":{"start":{"line":5,"column":37},"end":{"line":5,"column":38}},"loc":{"start":{"line":5,"column":57},"end":{"line":39,"column":1}},"line":5},"1":{"name":"(anonymous_1)","decl":{"start":{"line":24,"column":33},"end":{"line":24,"column":34}},"loc":{"start":{"line":24,"column":42},"end":{"line":27,"column":5}},"line":24},"2":{"name":"(anonymous_2)","decl":{"start":{"line":41,"column":35},"end":{"line":41,"column":36}},"loc":{"start":{"line":41,"column":55},"end":{"line":70,"column":1}},"line":41},"3":{"name":"(anonymous_3)","decl":{"start":{"line":72,"column":35},"end":{"line":72,"column":36}},"loc":{"start":{"line":72,"column":55},"end":{"line":102,"column":1}},"line":72},"4":{"name":"(anonymous_4)","decl":{"start":{"line":104,"column":34},"end":{"line":104,"column":35}},"loc":{"start":{"line":104,"column":54},"end":{"line":135,"column":1}},"line":104},"5":{"name":"(anonymous_5)","decl":{"start":{"line":137,"column":34},"end":{"line":137,"column":35}},"loc":{"start":{"line":137,"column":54},"end":{"line":161,"column":1}},"line":137}},"branchMap":{"0":{"loc":{"start":{"line":7,"column":4},"end":{"line":9,"column":5}},"type":"if","locations":[{"start":{"line":7,"column":4},"end":{"line":9,"column":5}},{"start":{},"end":{}}],"line":7},"1":{"loc":{"start":{"line":7,"column":8},"end":{"line":7,"column":44}},"type":"binary-expr","locations":[{"start":{"line":7,"column":8},"end":{"line":7,"column":18}},{"start":{"line":7,"column":22},"end":{"line":7,"column":44}}],"line":7},"2":{"loc":{"start":{"line":15,"column":4},"end":{"line":17,"column":5}},"type":"if","locations":[{"start":{"line":15,"column":4},"end":{"line":17,"column":5}},{"start":{},"end":{}}],"line":15},"3":{"loc":{"start":{"line":20,"column":4},"end":{"line":22,"column":5}},"type":"if","locations":[{"start":{"line":20,"column":4},"end":{"line":22,"column":5}},{"start":{},"end":{}}],"line":20},"4":{"loc":{"start":{"line":47,"column":4},"end":{"line":49,"column":5}},"type":"if","locations":[{"start":{"line":47,"column":4},"end":{"line":49,"column":5}},{"start":{},"end":{}}],"line":47},"5":{"loc":{"start":{"line":51,"column":19},"end":{"line":51,"column":53}},"type":"cond-expr","locations":[{"start":{"line":51,"column":33},"end":{"line":51,"column":48}},{"start":{"line":51,"column":51},"end":{"line":51,"column":53}}],"line":51},"6":{"loc":{"start":{"line":61,"column":4},"end":{"line":63,"column":5}},"type":"if","locations":[{"start":{"line":61,"column":4},"end":{"line":63,"column":5}},{"start":{},"end":{}}],"line":61},"7":{"loc":{"start":{"line":78,"column":4},"end":{"line":80,"column":5}},"type":"if","locations":[{"start":{"line":78,"column":4},"end":{"line":80,"column":5}},{"start":{},"end":{}}],"line":78},"8":{"loc":{"start":{"line":90,"column":4},"end":{"line":92,"column":5}},"type":"if","locations":[{"start":{"line":90,"column":4},"end":{"line":92,"column":5}},{"start":{},"end":{}}],"line":90},"9":{"loc":{"start":{"line":111,"column":4},"end":{"line":113,"column":5}},"type":"if","locations":[{"start":{"line":111,"column":4},"end":{"line":113,"column":5}},{"start":{},"end":{}}],"line":111},"10":{"loc":{"start":{"line":115,"column":18},"end":{"line":115,"column":53}},"type":"cond-expr","locations":[{"start":{"line":115,"column":29},"end":{"line":115,"column":46}},{"start":{"line":115,"column":49},"end":{"line":115,"column":53}}],"line":115},"11":{"loc":{"start":{"line":118,"column":4},"end":{"line":120,"column":5}},"type":"if","locations":[{"start":{"line":118,"column":4},"end":{"line":120,"column":5}},{"start":{},"end":{}}],"line":118},"12":{"loc":{"start":{"line":122,"column":30},"end":{"line":122,"column":62}},"type":"binary-expr","locations":[{"start":{"line":122,"column":30},"end":{"line":122,"column":35}},{"start":{"line":122,"column":39},"end":{"line":122,"column":62}}],"line":122},"13":{"loc":{"start":{"line":123,"column":36},"end":{"line":123,"column":80}},"type":"binary-expr","locations":[{"start":{"line":123,"column":36},"end":{"line":123,"column":47}},{"start":{"line":123,"column":51},"end":{"line":123,"column":80}}],"line":123},"14":{"loc":{"start":{"line":143,"column":4},"end":{"line":145,"column":5}},"type":"if","locations":[{"start":{"line":143,"column":4},"end":{"line":145,"column":5}},{"start":{},"end":{}}],"line":143},"15":{"loc":{"start":{"line":148,"column":4},"end":{"line":150,"column":5}},"type":"if","locations":[{"start":{"line":148,"column":4},"end":{"line":150,"column":5}},{"start":{},"end":{}}],"line":148}},"s":{"0":1,"1":1,"2":1,"3":1,"4":0,"5":0,"6":0,"7":0,"8":0,"9":0,"10":0,"11":0,"12":0,"13":0,"14":0,"15":0,"16":0,"17":0,"18":0,"19":0,"20":1,"21":0,"22":0,"23":0,"24":0,"25":0,"26":0,"27":0,"28":0,"29":0,"30":0,"31":0,"32":0,"33":1,"34":0,"35":0,"36":0,"37":0,"38":0,"39":0,"40":0,"41":0,"42":0,"43":0,"44":0,"45":1,"46":0,"47":0,"48":0,"49":0,"50":0,"51":0,"52":0,"53":0,"54":0,"55":0,"56":0,"57":0,"58":0,"59":0,"60":0,"61":0,"62":1,"63":0,"64":0,"65":0,"66":0,"67":0,"68":0,"69":0,"70":0,"71":0,"72":0,"73":0,"74":0},"f":{"0":0,"1":0,"2":0,"3":0,"4":0,"5":0},"b":{"0":[0,0],"1":[0,0],"2":[0,0],"3":[0,0],"4":[0,0],"5":[0,0],"6":[0,0],"7":[0,0],"8":[0,0],"9":[0,0],"10":[0,0],"11":[0,0],"12":[0,0],"13":[0,0],"14":[0,0],"15":[0,0]},"_coverageSchema":"1a1c01bbd47fc00a2c39e90264f33305004495a9","hash":"08d77cf1b97ab39646d7ee7347c6740839a65ad6"}
,"C:\\Users\\iuygf\\Desktop\\Rowqan_BackEnd\\Controllers\\CategoriesLandsController.js": {"path":"C:\\Users\\iuygf\\Desktop\\Rowqan_BackEnd\\Controllers\\CategoriesLandsController.js","statementMap":{"0":{"start":{"line":1,"column":29},"end":{"line":1,"column":70}},"1":{"start":{"line":2,"column":29},"end":{"line":2,"column":70}},"2":{"start":{"line":3,"column":41},"end":{"line":3,"column":74}},"3":{"start":{"line":5,"column":0},"end":{"line":33,"column":2}},"4":{"start":{"line":6,"column":2},"end":{"line":32,"column":3}},"5":{"start":{"line":7,"column":45},"end":{"line":7,"column":53}},"6":{"start":{"line":10,"column":29},"end":{"line":10,"column":76}},"7":{"start":{"line":11,"column":4},"end":{"line":13,"column":5}},"8":{"start":{"line":12,"column":6},"end":{"line":12,"column":88}},"9":{"start":{"line":15,"column":18},"end":{"line":15,"column":53}},"10":{"start":{"line":17,"column":28},"end":{"line":23,"column":6}},"11":{"start":{"line":25,"column":4},"end":{"line":28,"column":7}},"12":{"start":{"line":30,"column":4},"end":{"line":30,"column":25}},"13":{"start":{"line":31,"column":4},"end":{"line":31,"column":78}},"14":{"start":{"line":35,"column":0},"end":{"line":68,"column":2}},"15":{"start":{"line":36,"column":2},"end":{"line":67,"column":3}},"16":{"start":{"line":37,"column":21},"end":{"line":37,"column":31}},"17":{"start":{"line":40,"column":29},"end":{"line":40,"column":52}},"18":{"start":{"line":41,"column":4},"end":{"line":43,"column":5}},"19":{"start":{"line":42,"column":6},"end":{"line":42,"column":91}},"20":{"start":{"line":45,"column":26},"end":{"line":54,"column":6}},"21":{"start":{"line":56,"column":4},"end":{"line":58,"column":5}},"22":{"start":{"line":57,"column":6},"end":{"line":57,"column":113}},"23":{"start":{"line":60,"column":4},"end":{"line":63,"column":7}},"24":{"start":{"line":65,"column":4},"end":{"line":65,"column":25}},"25":{"start":{"line":66,"column":4},"end":{"line":66,"column":81}},"26":{"start":{"line":70,"column":0},"end":{"line":96,"column":2}},"27":{"start":{"line":71,"column":2},"end":{"line":95,"column":3}},"28":{"start":{"line":72,"column":25},"end":{"line":72,"column":35}},"29":{"start":{"line":75,"column":29},"end":{"line":75,"column":56}},"30":{"start":{"line":76,"column":4},"end":{"line":78,"column":5}},"31":{"start":{"line":77,"column":6},"end":{"line":77,"column":97}},"32":{"start":{"line":80,"column":25},"end":{"line":82,"column":6}},"33":{"start":{"line":84,"column":4},"end":{"line":86,"column":5}},"34":{"start":{"line":85,"column":6},"end":{"line":85,"column":117}},"35":{"start":{"line":88,"column":4},"end":{"line":91,"column":7}},"36":{"start":{"line":93,"column":4},"end":{"line":93,"column":25}},"37":{"start":{"line":94,"column":4},"end":{"line":94,"column":80}},"38":{"start":{"line":98,"column":0},"end":{"line":132,"column":2}},"39":{"start":{"line":99,"column":2},"end":{"line":131,"column":3}},"40":{"start":{"line":100,"column":19},"end":{"line":100,"column":29}},"41":{"start":{"line":101,"column":45},"end":{"line":101,"column":53}},"42":{"start":{"line":104,"column":29},"end":{"line":104,"column":76}},"43":{"start":{"line":105,"column":4},"end":{"line":107,"column":5}},"44":{"start":{"line":106,"column":6},"end":{"line":106,"column":88}},"45":{"start":{"line":109,"column":18},"end":{"line":109,"column":53}},"46":{"start":{"line":111,"column":25},"end":{"line":111,"column":64}},"47":{"start":{"line":112,"column":4},"end":{"line":114,"column":5}},"48":{"start":{"line":113,"column":6},"end":{"line":113,"column":117}},"49":{"start":{"line":116,"column":4},"end":{"line":116,"column":53}},"50":{"start":{"line":117,"column":4},"end":{"line":117,"column":53}},"51":{"start":{"line":118,"column":4},"end":{"line":118,"column":62}},"52":{"start":{"line":119,"column":4},"end":{"line":119,"column":50}},"53":{"start":{"line":120,"column":4},"end":{"line":120,"column":53}},"54":{"start":{"line":122,"column":4},"end":{"line":122,"column":30}},"55":{"start":{"line":124,"column":4},"end":{"line":127,"column":7}},"56":{"start":{"line":129,"column":4},"end":{"line":129,"column":25}},"57":{"start":{"line":130,"column":4},"end":{"line":130,"column":78}},"58":{"start":{"line":134,"column":0},"end":{"line":161,"column":2}},"59":{"start":{"line":135,"column":2},"end":{"line":160,"column":3}},"60":{"start":{"line":136,"column":25},"end":{"line":136,"column":35}},"61":{"start":{"line":139,"column":29},"end":{"line":139,"column":56}},"62":{"start":{"line":140,"column":4},"end":{"line":142,"column":5}},"63":{"start":{"line":141,"column":6},"end":{"line":141,"column":97}},"64":{"start":{"line":144,"column":25},"end":{"line":146,"column":6}},"65":{"start":{"line":148,"column":4},"end":{"line":150,"column":5}},"66":{"start":{"line":149,"column":6},"end":{"line":149,"column":117}},"67":{"start":{"line":152,"column":4},"end":{"line":152,"column":33}},"68":{"start":{"line":154,"column":4},"end":{"line":156,"column":7}},"69":{"start":{"line":158,"column":4},"end":{"line":158,"column":25}},"70":{"start":{"line":159,"column":4},"end":{"line":159,"column":78}}},"fnMap":{"0":{"name":"(anonymous_0)","decl":{"start":{"line":5,"column":29},"end":{"line":5,"column":30}},"loc":{"start":{"line":5,"column":49},"end":{"line":33,"column":1}},"line":5},"1":{"name":"(anonymous_1)","decl":{"start":{"line":35,"column":30},"end":{"line":35,"column":31}},"loc":{"start":{"line":35,"column":50},"end":{"line":68,"column":1}},"line":35},"2":{"name":"(anonymous_2)","decl":{"start":{"line":70,"column":30},"end":{"line":70,"column":31}},"loc":{"start":{"line":70,"column":50},"end":{"line":96,"column":1}},"line":70},"3":{"name":"(anonymous_3)","decl":{"start":{"line":98,"column":29},"end":{"line":98,"column":30}},"loc":{"start":{"line":98,"column":49},"end":{"line":132,"column":1}},"line":98},"4":{"name":"(anonymous_4)","decl":{"start":{"line":134,"column":29},"end":{"line":134,"column":30}},"loc":{"start":{"line":134,"column":49},"end":{"line":161,"column":1}},"line":134}},"branchMap":{"0":{"loc":{"start":{"line":11,"column":4},"end":{"line":13,"column":5}},"type":"if","locations":[{"start":{"line":11,"column":4},"end":{"line":13,"column":5}},{"start":{},"end":{}}],"line":11},"1":{"loc":{"start":{"line":15,"column":18},"end":{"line":15,"column":53}},"type":"cond-expr","locations":[{"start":{"line":15,"column":29},"end":{"line":15,"column":46}},{"start":{"line":15,"column":49},"end":{"line":15,"column":53}}],"line":15},"2":{"loc":{"start":{"line":26,"column":15},"end":{"line":26,"column":92}},"type":"cond-expr","locations":[{"start":{"line":26,"column":31},"end":{"line":26,"column":67}},{"start":{"line":26,"column":70},"end":{"line":26,"column":92}}],"line":26},"3":{"loc":{"start":{"line":41,"column":4},"end":{"line":43,"column":5}},"type":"if","locations":[{"start":{"line":41,"column":4},"end":{"line":43,"column":5}},{"start":{},"end":{}}],"line":41},"4":{"loc":{"start":{"line":56,"column":4},"end":{"line":58,"column":5}},"type":"if","locations":[{"start":{"line":56,"column":4},"end":{"line":58,"column":5}},{"start":{},"end":{}}],"line":56},"5":{"loc":{"start":{"line":56,"column":8},"end":{"line":56,"column":52}},"type":"binary-expr","locations":[{"start":{"line":56,"column":8},"end":{"line":56,"column":22}},{"start":{"line":56,"column":26},"end":{"line":56,"column":52}}],"line":56},"6":{"loc":{"start":{"line":57,"column":52},"end":{"line":57,"column":110}},"type":"cond-expr","locations":[{"start":{"line":57,"column":68},"end":{"line":57,"column":93}},{"start":{"line":57,"column":96},"end":{"line":57,"column":110}}],"line":57},"7":{"loc":{"start":{"line":61,"column":15},"end":{"line":61,"column":98}},"type":"cond-expr","locations":[{"start":{"line":61,"column":31},"end":{"line":61,"column":70}},{"start":{"line":61,"column":73},"end":{"line":61,"column":98}}],"line":61},"8":{"loc":{"start":{"line":76,"column":4},"end":{"line":78,"column":5}},"type":"if","locations":[{"start":{"line":76,"column":4},"end":{"line":78,"column":5}},{"start":{},"end":{}}],"line":76},"9":{"loc":{"start":{"line":84,"column":4},"end":{"line":86,"column":5}},"type":"if","locations":[{"start":{"line":84,"column":4},"end":{"line":86,"column":5}},{"start":{},"end":{}}],"line":84},"10":{"loc":{"start":{"line":85,"column":52},"end":{"line":85,"column":114}},"type":"cond-expr","locations":[{"start":{"line":85,"column":68},"end":{"line":85,"column":93}},{"start":{"line":85,"column":96},"end":{"line":85,"column":114}}],"line":85},"11":{"loc":{"start":{"line":89,"column":15},"end":{"line":89,"column":96}},"type":"cond-expr","locations":[{"start":{"line":89,"column":31},"end":{"line":89,"column":69}},{"start":{"line":89,"column":72},"end":{"line":89,"column":96}}],"line":89},"12":{"loc":{"start":{"line":105,"column":4},"end":{"line":107,"column":5}},"type":"if","locations":[{"start":{"line":105,"column":4},"end":{"line":107,"column":5}},{"start":{},"end":{}}],"line":105},"13":{"loc":{"start":{"line":109,"column":18},"end":{"line":109,"column":53}},"type":"cond-expr","locations":[{"start":{"line":109,"column":29},"end":{"line":109,"column":46}},{"start":{"line":109,"column":49},"end":{"line":109,"column":53}}],"line":109},"14":{"loc":{"start":{"line":112,"column":4},"end":{"line":114,"column":5}},"type":"if","locations":[{"start":{"line":112,"column":4},"end":{"line":114,"column":5}},{"start":{},"end":{}}],"line":112},"15":{"loc":{"start":{"line":113,"column":52},"end":{"line":113,"column":114}},"type":"cond-expr","locations":[{"start":{"line":113,"column":68},"end":{"line":113,"column":93}},{"start":{"line":113,"column":96},"end":{"line":113,"column":114}}],"line":113},"16":{"loc":{"start":{"line":116,"column":25},"end":{"line":116,"column":52}},"type":"binary-expr","locations":[{"start":{"line":116,"column":25},"end":{"line":116,"column":30}},{"start":{"line":116,"column":34},"end":{"line":116,"column":52}}],"line":116},"17":{"loc":{"start":{"line":117,"column":25},"end":{"line":117,"column":52}},"type":"binary-expr","locations":[{"start":{"line":117,"column":25},"end":{"line":117,"column":30}},{"start":{"line":117,"column":34},"end":{"line":117,"column":52}}],"line":117},"18":{"loc":{"start":{"line":118,"column":28},"end":{"line":118,"column":61}},"type":"binary-expr","locations":[{"start":{"line":118,"column":28},"end":{"line":118,"column":36}},{"start":{"line":118,"column":40},"end":{"line":118,"column":61}}],"line":118},"19":{"loc":{"start":{"line":119,"column":24},"end":{"line":119,"column":49}},"type":"binary-expr","locations":[{"start":{"line":119,"column":24},"end":{"line":119,"column":28}},{"start":{"line":119,"column":32},"end":{"line":119,"column":49}}],"line":119},"20":{"loc":{"start":{"line":120,"column":25},"end":{"line":120,"column":52}},"type":"binary-expr","locations":[{"start":{"line":120,"column":25},"end":{"line":120,"column":30}},{"start":{"line":120,"column":34},"end":{"line":120,"column":52}}],"line":120},"21":{"loc":{"start":{"line":125,"column":15},"end":{"line":125,"column":92}},"type":"cond-expr","locations":[{"start":{"line":125,"column":31},"end":{"line":125,"column":67}},{"start":{"line":125,"column":70},"end":{"line":125,"column":92}}],"line":125},"22":{"loc":{"start":{"line":140,"column":4},"end":{"line":142,"column":5}},"type":"if","locations":[{"start":{"line":140,"column":4},"end":{"line":142,"column":5}},{"start":{},"end":{}}],"line":140},"23":{"loc":{"start":{"line":148,"column":4},"end":{"line":150,"column":5}},"type":"if","locations":[{"start":{"line":148,"column":4},"end":{"line":150,"column":5}},{"start":{},"end":{}}],"line":148},"24":{"loc":{"start":{"line":149,"column":52},"end":{"line":149,"column":114}},"type":"cond-expr","locations":[{"start":{"line":149,"column":68},"end":{"line":149,"column":93}},{"start":{"line":149,"column":96},"end":{"line":149,"column":114}}],"line":149},"25":{"loc":{"start":{"line":155,"column":15},"end":{"line":155,"column":90}},"type":"cond-expr","locations":[{"start":{"line":155,"column":31},"end":{"line":155,"column":67}},{"start":{"line":155,"column":70},"end":{"line":155,"column":90}}],"line":155}},"s":{"0":1,"1":1,"2":1,"3":1,"4":0,"5":0,"6":0,"7":0,"8":0,"9":0,"10":0,"11":0,"12":0,"13":0,"14":1,"15":0,"16":0,"17":0,"18":0,"19":0,"20":0,"21":0,"22":0,"23":0,"24":0,"25":0,"26":1,"27":0,"28":0,"29":0,"30":0,"31":0,"32":0,"33":0,"34":0,"35":0,"36":0,"37":0,"38":1,"39":0,"40":0,"41":0,"42":0,"43":0,"44":0,"45":0,"46":0,"47":0,"48":0,"49":0,"50":0,"51":0,"52":0,"53":0,"54":0,"55":0,"56":0,"57":0,"58":1,"59":0,"60":0,"61":0,"62":0,"63":0,"64":0,"65":0,"66":0,"67":0,"68":0,"69":0,"70":0},"f":{"0":0,"1":0,"2":0,"3":0,"4":0},"b":{"0":[0,0],"1":[0,0],"2":[0,0],"3":[0,0],"4":[0,0],"5":[0,0],"6":[0,0],"7":[0,0],"8":[0,0],"9":[0,0],"10":[0,0],"11":[0,0],"12":[0,0],"13":[0,0],"14":[0,0],"15":[0,0],"16":[0,0],"17":[0,0],"18":[0,0],"19":[0,0],"20":[0,0],"21":[0,0],"22":[0,0],"23":[0,0],"24":[0,0],"25":[0,0]},"_coverageSchema":"1a1c01bbd47fc00a2c39e90264f33305004495a9","hash":"37482e3a90d31ded6c4216489faf454da768b71e"}
[...]
,"C:\\Users\\iuygf\\Desktop\\Rowqan_BackEnd\\Routes\\RightTimeRoutes.js": {"path":"C:\\Users\\iuygf\\Desktop\\Rowqan_BackEnd\\Routes\\RightTimeRoutes.js","statementMap":{"0":{"start":{"line":1,"column":16},"end":{"line":1,"column":34}},"1":{"start":{"line":2,"column":15},"end":{"line":2,"column":31}},"2":{"start":{"line":3,"column":28},"end":{"line":3,"column":73}},"3":{"start":{"line":4,"column":15},"end":{"line":4,"column":42}},"4":{"start":{"line":5,"column":23},"end":{"line":5,"column":63}},"5":{"start":{"line":6,"column":20},"end":{"line":6,"column":57}},"6":{"start":{"line":9,"column":0},"end":{"line":9,"column":27}},"7":{"start":{"line":12,"column":0},"end":{"line":12,"column":106}},"8":{"start":{"line":15,"column":0},"end":{"line":15,"column":76}},"9":{"start":{"line":18,"column":0},"end":{"line":18,"column":97}},"10":{"start":{"line":21,"column":0},"end":{"line":21,"column":80}},"11":{"start":{"line":24,"column":0},"end":{"line":24,"column":109}},"12":{"start":{"line":27,"column":0},"end":{"line":27,"column":81}},"13":{"start":{"line":29,"column":0},"end":{"line":29,"column":24}}},"fnMap":{},"branchMap":{},"s":{"0":1,"1":1,"2":1,"3":1,"4":1,"5":1,"6":1,"7":1,"8":1,"9":1,"10":1,"11":1,"12":1,"13":1},"f":{},"b":{},"_coverageSchema":"1a1c01bbd47fc00a2c39e90264f33305004495a9","hash":"e7ca4b38bf2e436b9a524bf1963ee1b02b9eedec"}
,"C:\\Users\\iuygf\\Desktop\\Rowqan_BackEnd\\Routes\\ServicesRoutes.js": {"path":"C:\\Users\\iuygf\\Desktop\\Rowqan_BackEnd\\Routes\\ServicesRoutes.js","statementMap":{"0":{"start":{"line":1,"column":16},"end":{"line":1,"column":34}},"1":{"start":{"line":2,"column":15},"end":{"line":2,"column":31}},"2":{"start":{"line":3,"column":27},"end":{"line":3,"column":71}},"3":{"start":{"line":4,"column":15},"end":{"line":4,"column":42}},"4":{"start":{"line":5,"column":23},"end":{"line":5,"column":63}},"5":{"start":{"line":6,"column":20},"end":{"line":6,"column":57}},"6":{"start":{"line":8,"column":0},"end":{"line":8,"column":27}},"7":{"start":{"line":10,"column":0},"end":{"line":10,"column":101}},"8":{"start":{"line":12,"column":0},"end":{"line":12,"column":71}},"9":{"start":{"line":14,"column":0},"end":{"line":14,"column":106}},"10":{"start":{"line":16,"column":0},"end":{"line":16,"column":98}},"11":{"start":{"line":18,"column":0},"end":{"line":18,"column":75}},"12":{"start":{"line":20,"column":0},"end":{"line":20,"column":104}},"13":{"start":{"line":22,"column":0},"end":{"line":22,"column":76}},"14":{"start":{"line":24,"column":0},"end":{"line":24,"column":24}}},"fnMap":{},"branchMap":{},"s":{"0":1,"1":1,"2":1,"3":1,"4":1,"5":1,"6":1,"7":1,"8":1,"9":1,"10":1,"11":1,"12":1,"13":1,"14":1},"f":{},"b":{},"_coverageSchema":"1a1c01bbd47fc00a2c39e90264f33305004495a9","hash":"27d6b5aeb5ba2706b54cd36099721e55c3089fd9"}
,"C:\\Users\\iuygf\\Desktop\\Rowqan_BackEnd\\Routes\\StatusChaletsRoutes.js": {"path":"C:\\Users\\iuygf\\Desktop\\Rowqan_BackEnd\\Routes\\StatusChaletsRoutes.js","statementMap":{"0":{"start":{"line":1,"column":16},"end":{"line":1,"column":34}},"1":{"start":{"line":2,"column":15},"end":{"line":2,"column":31}},"2":{"start":{"line":3,"column":32},"end":{"line":3,"column":81}},"3":{"start":{"line":4,"column":15},"end":{"line":4,"column":42}},"4":{"start":{"line":5,"column":23},"end":{"line":5,"column":63}},"5":{"start":{"line":6,"column":20},"end":{"line":6,"column":57}},"6":{"start":{"line":9,"column":0},"end":{"line":9,"column":27}},"7":{"start":{"line":12,"column":0},"end":{"line":12,"column":117}},"8":{"start":{"line":15,"column":0},"end":{"line":15,"column":80}},"9":{"start":{"line":18,"column":0},"end":{"line":18,"column":84}},"10":{"start":{"line":21,"column":0},"end":{"line":21,"column":120}},"11":{"start":{"line":24,"column":0},"end":{"line":24,"column":85}},"12":{"start":{"line":26,"column":0},"end":{"line":26,"column":24}}},"fnMap":{},"branchMap":{},"s":{"0":1,"1":1,"2":1,"3":1,"4":1,"5":1,"6":1,"7":1,"8":1,"9":1,"10":1,"11":1,"12":1},"f":{},"b":{},"_coverageSchema":"1a1c01bbd47fc00a2c39e90264f33305004495a9","hash":"4bf972bfed083bf741ab01a534a26b77eeaeebf1"}
,"C:\\Users\\iuygf\\Desktop\\Rowqan_BackEnd\\Routes\\StatusRoutes.js": {"path":"C:\\Users\\iuygf\\Desktop\\Rowqan_BackEnd\\Routes\\StatusRoutes.js","statementMap":{"0":{"start":{"line":1,"column":16},"end":{"line":1,"column":34}},"1":{"start":{"line":2,"column":15},"end":{"line":2,"column":31}},"2":{"start":{"line":3,"column":25},"end":{"line":3,"column":67}},"3":{"start":{"line":4,"column":23},"end":{"line":4,"column":63}},"4":{"start":{"line":5,"column":20},"end":{"line":5,"column":57}},"5":{"start":{"line":7,"column":0},"end":{"line":7,"column":27}},"6":{"start":{"line":9,"column":0},"end":{"line":9,"column":73}},"7":{"start":{"line":11,"column":0},"end":{"line":11,"column":69}},"8":{"start":{"line":13,"column":0},"end":{"line":13,"column":65}},"9":{"start":{"line":15,"column":0},"end":{"line":15,"column":76}},"10":{"start":{"line":17,"column":0},"end":{"line":17,"column":66}},"11":{"start":{"line":19,"column":0},"end":{"line":19,"column":24}}},"fnMap":{},"branchMap":{},"s":{"0":1,"1":1,"2":1,"3":1,"4":1,"5":1,"6":1,"7":1,"8":1,"9":1,"10":1,"11":1},"f":{},"b":{},"_coverageSchema":"1a1c01bbd47fc00a2c39e90264f33305004495a9","hash":"d9c1fa89d5e239d8d9496bef38969ee0e5121b93"}
,"C:\\Users\\iuygf\\Desktop\\Rowqan_BackEnd\\Routes\\SubEventsRoutes.js": {"path":"C:\\Users\\iuygf\\Desktop\\Rowqan_BackEnd\\Routes\\SubEventsRoutes.js","statementMap":{"0":{"start":{"line":1,"column":16},"end":{"line":1,"column":34}},"1":{"start":{"line":2,"column":15},"end":{"line":2,"column":31}},"2":{"start":{"line":3,"column":15},"end":{"line":3,"column":42}},"3":{"start":{"line":4,"column":28},"end":{"line":4,"column":73}},"4":{"start":{"line":5,"column":23},"end":{"line":5,"column":63}},"5":{"start":{"line":6,"column":20},"end":{"line":6,"column":57}},"6":{"start":{"line":8,"column":0},"end":{"line":8,"column":121}},"7":{"start":{"line":10,"column":0},"end":{"line":10,"column":104}},"8":{"start":{"line":11,"column":0},"end":{"line":11,"column":87}},"9":{"start":{"line":12,"column":0},"end":{"line":12,"column":93}},"10":{"start":{"line":14,"column":0},"end":{"line":14,"column":124}},"11":{"start":{"line":16,"column":0},"end":{"line":16,"column":108}},"12":{"start":{"line":18,"column":0},"end":{"line":18,"column":24}}},"fnMap":{},"branchMap":{},"s":{"0":1,"1":1,"2":1,"3":1,"4":1,"5":1,"6":1,"7":1,"8":1,"9":1,"10":1,"11":1,"12":1},"f":{},"b":{},"_coverageSchema":"1a1c01bbd47fc00a2c39e90264f33305004495a9","hash":"37b1350ed684298926650cf3da96bd34b5614887"}
,"C:\\Users\\iuygf\\Desktop\\Rowqan_BackEnd\\Routes\\TypesEventsRoutes.js": {"path":"C:\\Users\\iuygf\\Desktop\\Rowqan_BackEnd\\Routes\\TypesEventsRoutes.js","statementMap":{"0":{"start":{"line":1,"column":16},"end":{"line":1,"column":34}},"1":{"start":{"line":2,"column":15},"end":{"line":2,"column":31}},"2":{"start":{"line":3,"column":30},"end":{"line":3,"column":78}},"3":{"start":{"line":4,"column":23},"end":{"line":4,"column":63}},"4":{"start":{"line":5,"column":20},"end":{"line":5,"column":57}},"5":{"start":{"line":7,"column":0},"end":{"line":7,"column":99}},"6":{"start":{"line":9,"column":0},"end":{"line":9,"column":85}},"7":{"start":{"line":11,"column":0},"end":{"line":11,"column":85}},"8":{"start":{"line":13,"column":0},"end":{"line":13,"column":102}},"9":{"start":{"line":15,"column":0},"end":{"line":15,"column":105}},"10":{"start":{"line":17,"column":0},"end":{"line":17,"column":24}}},"fnMap":{},"branchMap":{},"s":{"0":1,"1":1,"2":1,"3":1,"4":1,"5":1,"6":1,"7":1,"8":1,"9":1,"10":1},"f":{},"b":{},"_coverageSchema":"1a1c01bbd47fc00a2c39e90264f33305004495a9","hash":"c9ee5e5f7d52f8b27aa835fb7e25b0a2d86c69a9"}
,"C:\\Users\\iuygf\\Desktop\\Rowqan_BackEnd\\Routes\\UsersRoutes.js": {"path":"C:\\Users\\iuygf\\Desktop\\Rowqan_BackEnd\\Routes\\UsersRoutes.js","statementMap":{"0":{"start":{"line":1,"column":16},"end":{"line":1,"column":34}},"1":{"start":{"line":2,"column":15},"end":{"line":2,"column":31}},"2":{"start":{"line":3,"column":23},"end":{"line":3,"column":64}},"3":{"start":{"line":4,"column":23},"end":{"line":4,"column":63}},"4":{"start":{"line":5,"column":20},"end":{"line":5,"column":57}},"5":{"start":{"line":7,"column":0},"end":{"line":7,"column":67}},"6":{"start":{"line":9,"column":0},"end":{"line":9,"column":90}},"7":{"start":{"line":11,"column":0},"end":{"line":11,"column":94}},"8":{"start":{"line":13,"column":0},"end":{"line":13,"column":86}},"9":{"start":{"line":15,"column":0},"end":{"line":15,"column":95}},"10":{"start":{"line":17,"column":0},"end":{"line":17,"column":57}},"11":{"start":{"line":19,"column":0},"end":{"line":19,"column":75}},"12":{"start":{"line":21,"column":0},"end":{"line":21,"column":56}},"13":{"start":{"line":23,"column":0},"end":{"line":23,"column":24}}},"fnMap":{},"branchMap":{},"s":{"0":1,"1":1,"2":1,"3":1,"4":1,"5":1,"6":1,"7":1,"8":1,"9":1,"10":1,"11":1,"12":1,"13":1},"f":{},"b":{},"_coverageSchema":"1a1c01bbd47fc00a2c39e90264f33305004495a9","hash":"a723e4e40a1b6e1e311f7370059a2288b6d2701d"}
,"C:\\Users\\iuygf\\Desktop\\Rowqan_BackEnd\\Routes\\UsersTypesRoutes.js": {"path":"C:\\Users\\iuygf\\Desktop\\Rowqan_BackEnd\\Routes\\UsersTypesRoutes.js","statementMap":{"0":{"start":{"line":1,"column":16},"end":{"line":1,"column":34}},"1":{"start":{"line":2,"column":15},"end":{"line":2,"column":31}},"2":{"start":{"line":3,"column":28},"end":{"line":3,"column":74}},"3":{"start":{"line":4,"column":23},"end":{"line":4,"column":63}},"4":{"start":{"line":5,"column":20},"end":{"line":5,"column":57}},"5":{"start":{"line":7,"column":0},"end":{"line":7,"column":104}},"6":{"start":{"line":8,"column":0},"end":{"line":8,"column":115}},"7":{"start":{"line":9,"column":0},"end":{"line":9,"column":107}},"8":{"start":{"line":10,"column":0},"end":{"line":10,"column":105}},"9":{"start":{"line":11,"column":0},"end":{"line":11,"column":103}},"10":{"start":{"line":12,"column":0},"end":{"line":12,"column":109}},"11":{"start":{"line":13,"column":0},"end":{"line":13,"column":113}},"12":{"start":{"line":14,"column":0},"end":{"line":14,"column":111}},"13":{"start":{"line":15,"column":0},"end":{"line":15,"column":109}},"14":{"start":{"line":16,"column":0},"end":{"line":16,"column":96}},"15":{"start":{"line":17,"column":0},"end":{"line":17,"column":99}},"16":{"start":{"line":18,"column":0},"end":{"line":18,"column":106}},"17":{"start":{"line":19,"column":0},"end":{"line":19,"column":104}},"18":{"start":{"line":20,"column":0},"end":{"line":20,"column":102}},"19":{"start":{"line":21,"column":0},"end":{"line":21,"column":108}},"20":{"start":{"line":22,"column":0},"end":{"line":22,"column":114}},"21":{"start":{"line":23,"column":0},"end":{"line":23,"column":112}},"22":{"start":{"line":24,"column":0},"end":{"line":24,"column":110}},"23":{"start":{"line":26,"column":0},"end":{"line":26,"column":24}}},"fnMap":{},"branchMap":{},"s":{"0":1,"1":1,"2":1,"3":1,"4":1,"5":1,"6":1,"7":1,"8":1,"9":1,"10":1,"11":1,"12":1,"13":1,"14":1,"15":1,"16":1,"17":1,"18":1,"19":1,"20":1,"21":1,"22":1,"23":1},"f":{},"b":{},"_coverageSchema":"1a1c01bbd47fc00a2c39e90264f33305004495a9","hash":"142a7cf09964cf93a173c9e59d91ca5888993a5f"}
,"C:\\Users\\iuygf\\Desktop\\Rowqan_BackEnd\\Routes\\WalletRoutes.js": {"path":"C:\\Users\\iuygf\\Desktop\\Rowqan_BackEnd\\Routes\\WalletRoutes.js","statementMap":{"0":{"start":{"line":1,"column":16},"end":{"line":1,"column":34}},"1":{"start":{"line":2,"column":25},"end":{"line":2,"column":67}},"2":{"start":{"line":3,"column":23},"end":{"line":3,"column":63}},"3":{"start":{"line":4,"column":20},"end":{"line":4,"column":57}},"4":{"start":{"line":6,"column":15},"end":{"line":6,"column":31}},"5":{"start":{"line":8,"column":0},"end":{"line":8,"column":83}},"6":{"start":{"line":10,"column":0},"end":{"line":10,"column":107}},"7":{"start":{"line":12,"column":0},"end":{"line":12,"column":99}},"8":{"start":{"line":14,"column":0},"end":{"line":14,"column":102}},"9":{"start":{"line":16,"column":0},"end":{"line":16,"column":82}},"10":{"start":{"line":18,"column":0},"end":{"line":18,"column":24}}},"fnMap":{},"branchMap":{},"s":{"0":1,"1":1,"2":1,"3":1,"4":1,"5":1,"6":1,"7":1,"8":1,"9":1,"10":1},"f":{},"b":{},"_coverageSchema":"1a1c01bbd47fc00a2c39e90264f33305004495a9","hash":"53e23a684c1a8463148a6eee5b2177f045ee3ee7"}
,"C:\\Users\\iuygf\\Desktop\\Rowqan_BackEnd\\Utils\\validateInput.js": {"path":"C:\\Users\\iuygf\\Desktop\\Rowqan_BackEnd\\Utils\\validateInput.js","statementMap":{"0":{"start":{"line":2,"column":12},"end":{"line":2,"column":26}},"1":{"start":{"line":4,"column":22},"end":{"line":7,"column":3}},"2":{"start":{"line":5,"column":23},"end":{"line":5,"column":72}},"3":{"start":{"line":6,"column":4},"end":{"line":6,"column":34}},"4":{"start":{"line":9,"column":27},"end":{"line":12,"column":3}},"5":{"start":{"line":10,"column":26},"end":{"line":10,"column":66}},"6":{"start":{"line":11,"column":4},"end":{"line":11,"column":40}},"7":{"start":{"line":14,"column":27},"end":{"line":16,"column":3}},"8":{"start":{"line":15,"column":4},"end":{"line":15,"column":69}},"9":{"start":{"line":18,"column":28},"end":{"line":34,"column":3}},"10":{"start":{"line":19,"column":19},"end":{"line":19,"column":21}},"11":{"start":{"line":21,"column":4},"end":{"line":23,"column":5}},"12":{"start":{"line":22,"column":6},"end":{"line":22,"column":67}},"13":{"start":{"line":25,"column":4},"end":{"line":27,"column":5}},"14":{"start":{"line":26,"column":6},"end":{"line":26,"column":44}},"15":{"start":{"line":29,"column":4},"end":{"line":31,"column":5}},"16":{"start":{"line":30,"column":6},"end":{"line":30,"column":103}},"17":{"start":{"line":33,"column":4},"end":{"line":33,"column":18}},"18":{"start":{"line":36,"column":29},"end":{"line":60,"column":2}},"19":{"start":{"line":37,"column":19},"end":{"line":37,"column":21}},"20":{"start":{"line":39,"column":4},"end":{"line":41,"column":5}},"21":{"start":{"line":40,"column":7},"end":{"line":40,"column":69}},"22":{"start":{"line":43,"column":4},"end":{"line":45,"column":5}},"23":{"start":{"line":44,"column":7},"end":{"line":44,"column":45}},"24":{"start":{"line":47,"column":4},"end":{"line":49,"column":5}},"25":{"start":{"line":48,"column":7},"end":{"line":48,"column":104}},"26":{"start":{"line":51,"column":4},"end":{"line":53,"column":5}},"27":{"start":{"line":52,"column":7},"end":{"line":52,"column":65}},"28":{"start":{"line":55,"column":4},"end":{"line":57,"column":5}},"29":{"start":{"line":56,"column":7},"end":{"line":56,"column":66}},"30":{"start":{"line":59,"column":4},"end":{"line":59,"column":18}},"31":{"start":{"line":65,"column":18},"end":{"line":65,"column":85}},"32":{"start":{"line":67,"column":23},"end":{"line":98,"column":2}},"33":{"start":{"line":68,"column":18},"end":{"line":95,"column":5}},"34":{"start":{"line":75,"column":9},"end":{"line":77,"column":10}},"35":{"start":{"line":76,"column":11},"end":{"line":76,"column":145}},"36":{"start":{"line":78,"column":35},"end":{"line":78,"column":76}},"37":{"start":{"line":79,"column":9},"end":{"line":81,"column":10}},"38":{"start":{"line":80,"column":11},"end":{"line":80,"column":122}},"39":{"start":{"line":82,"column":9},"end":{"line":82,"column":22}},"40":{"start":{"line":97,"column":3},"end":{"line":97,"column":32}},"41":{"start":{"line":104,"column":2},"end":{"line":110,"column":4}}},"fnMap":{"0":{"name":"(anonymous_0)","decl":{"start":{"line":4,"column":22},"end":{"line":4,"column":23}},"loc":{"start":{"line":4,"column":33},"end":{"line":7,"column":3}},"line":4},"1":{"name":"(anonymous_1)","decl":{"start":{"line":9,"column":27},"end":{"line":9,"column":28}},"loc":{"start":{"line":9,"column":41},"end":{"line":12,"column":3}},"line":9},"2":{"name":"(anonymous_2)","decl":{"start":{"line":14,"column":27},"end":{"line":14,"column":28}},"loc":{"start":{"line":14,"column":41},"end":{"line":16,"column":3}},"line":14},"3":{"name":"(anonymous_3)","decl":{"start":{"line":18,"column":28},"end":{"line":18,"column":29}},"loc":{"start":{"line":18,"column":59},"end":{"line":34,"column":3}},"line":18},"4":{"name":"(anonymous_4)","decl":{"start":{"line":36,"column":29},"end":{"line":36,"column":30}},"loc":{"start":{"line":36,"column":109},"end":{"line":60,"column":2}},"line":36},"5":{"name":"(anonymous_5)","decl":{"start":{"line":67,"column":23},"end":{"line":67,"column":24}},"loc":{"start":{"line":67,"column":33},"end":{"line":98,"column":2}},"line":67},"6":{"name":"(anonymous_6)","decl":{"start":{"line":73,"column":15},"end":{"line":73,"column":16}},"loc":{"start":{"line":73,"column":35},"end":{"line":83,"column":8}},"line":73}},"branchMap":{"0":{"loc":{"start":{"line":15,"column":11},"end":{"line":15,"column":68}},"type":"binary-expr","locations":[{"start":{"line":15,"column":11},"end":{"line":15,"column":19}},{"start":{"line":15,"column":23},"end":{"line":15,"column":43}},{"start":{"line":15,"column":47},"end":{"line":15,"column":68}}],"line":15},"1":{"loc":{"start":{"line":21,"column":4},"end":{"line":23,"column":5}},"type":"if","locations":[{"start":{"line":21,"column":4},"end":{"line":23,"column":5}},{"start":{},"end":{}}],"line":21},"2":{"loc":{"start":{"line":25,"column":4},"end":{"line":27,"column":5}},"type":"if","locations":[{"start":{"line":25,"column":4},"end":{"line":27,"column":5}},{"start":{},"end":{}}],"line":25},"3":{"loc":{"start":{"line":29,"column":4},"end":{"line":31,"column":5}},"type":"if","locations":[{"start":{"line":29,"column":4},"end":{"line":31,"column":5}},{"start":{},"end":{}}],"line":29},"4":{"loc":{"start":{"line":39,"column":4},"end":{"line":41,"column":5}},"type":"if","locations":[{"start":{"line":39,"column":4},"end":{"line":41,"column":5}},{"start":{},"end":{}}],"line":39},"5":{"loc":{"start":{"line":39,"column":8},"end":{"line":39,"column":32}},"type":"binary-expr","locations":[{"start":{"line":39,"column":8},"end":{"line":39,"column":13}},{"start":{"line":39,"column":17},"end":{"line":39,"column":32}}],"line":39},"6":{"loc":{"start":{"line":43,"column":4},"end":{"line":45,"column":5}},"type":"if","locations":[{"start":{"line":43,"column":4},"end":{"line":45,"column":5}},{"start":{},"end":{}}],"line":43},"7":{"loc":{"start":{"line":47,"column":4},"end":{"line":49,"column":5}},"type":"if","locations":[{"start":{"line":47,"column":4},"end":{"line":49,"column":5}},{"start":{},"end":{}}],"line":47},"8":{"loc":{"start":{"line":51,"column":4},"end":{"line":53,"column":5}},"type":"if","locations":[{"start":{"line":51,"column":4},"end":{"line":53,"column":5}},{"start":{},"end":{}}],"line":51},"9":{"loc":{"start":{"line":55,"column":4},"end":{"line":57,"column":5}},"type":"if","locations":[{"start":{"line":55,"column":4},"end":{"line":57,"column":5}},{"start":{},"end":{}}],"line":55},"10":{"loc":{"start":{"line":75,"column":9},"end":{"line":77,"column":10}},"type":"if","locations":[{"start":{"line":75,"column":9},"end":{"line":77,"column":10}},{"start":{},"end":{}}],"line":75},"11":{"loc":{"start":{"line":79,"column":9},"end":{"line":81,"column":10}},"type":"if","locations":[{"start":{"line":79,"column":9},"end":{"line":81,"column":10}},{"start":{},"end":{}}],"line":79}},"s":{"0":1,"1":1,"2":0,"3":0,"4":1,"5":0,"6":0,"7":1,"8":0,"9":1,"10":0,"11":0,"12":0,"13":0,"14":0,"15":0,"16":0,"17":0,"18":1,"19":0,"20":0,"21":0,"22":0,"23":0,"24":0,"25":0,"26":0,"27":0,"28":0,"29":0,"30":0,"31":1,"32":1,"33":0,"34":0,"35":0,"36":0,"37":0,"38":0,"39":0,"40":0,"41":1},"f":{"0":0,"1":0,"2":0,"3":0,"4":0,"5":0,"6":0},"b":{"0":[0,0,0],"1":[0,0],"2":[0,0],"3":[0,0],"4":[0,0],"5":[0,0],"6":[0,0],"7":[0,0],"8":[0,0],"9":[0,0],"10":[0,0],"11":[0,0]},"_coverageSchema":"1a1c01bbd47fc00a2c39e90264f33305004495a9","hash":"59d56e2dd3007e68fb249efd7f128b21874ede89"}
}
